{"C:\\Users\\Ahmed Khaled\\Desktop\\testing\\Ticketing-system-vol2-\\backend\\middleware\\authMiddleware.js": {"path":"C:\\Users\\Ahmed Khaled\\Desktop\\testing\\Ticketing-system-vol2-\\backend\\middleware\\authMiddleware.js","statementMap":{"0":{"start":{"line":1,"column":12},"end":{"line":1,"column":35}},"1":{"start":{"line":2,"column":13},"end":{"line":2,"column":38}},"2":{"start":{"line":5,"column":16},"end":{"line":55,"column":1}},"3":{"start":{"line":6,"column":2},"end":{"line":54,"column":3}},"4":{"start":{"line":7,"column":23},"end":{"line":7,"column":48}},"5":{"start":{"line":8,"column":4},"end":{"line":12,"column":5}},"6":{"start":{"line":9,"column":6},"end":{"line":9,"column":71}},"7":{"start":{"line":10,"column":6},"end":{"line":10,"column":22}},"8":{"start":{"line":11,"column":6},"end":{"line":11,"column":73}},"9":{"start":{"line":14,"column":18},"end":{"line":14,"column":42}},"10":{"start":{"line":15,"column":19},"end":{"line":15,"column":56}},"11":{"start":{"line":17,"column":4},"end":{"line":21,"column":5}},"12":{"start":{"line":18,"column":6},"end":{"line":18,"column":71}},"13":{"start":{"line":19,"column":6},"end":{"line":19,"column":22}},"14":{"start":{"line":20,"column":6},"end":{"line":20,"column":59}},"15":{"start":{"line":23,"column":20},"end":{"line":23,"column":45}},"16":{"start":{"line":24,"column":19},"end":{"line":24,"column":62}},"17":{"start":{"line":25,"column":25},"end":{"line":25,"column":34}},"18":{"start":{"line":27,"column":17},"end":{"line":27,"column":64}},"19":{"start":{"line":29,"column":4},"end":{"line":49,"column":5}},"20":{"start":{"line":31,"column":6},"end":{"line":34,"column":7}},"21":{"start":{"line":32,"column":8},"end":{"line":32,"column":92}},"22":{"start":{"line":33,"column":8},"end":{"line":33,"column":89}},"23":{"start":{"line":36,"column":6},"end":{"line":42,"column":7}},"24":{"start":{"line":37,"column":8},"end":{"line":37,"column":80}},"25":{"start":{"line":38,"column":8},"end":{"line":41,"column":11}},"26":{"start":{"line":43,"column":6},"end":{"line":43,"column":22}},"27":{"start":{"line":44,"column":6},"end":{"line":44,"column":13}},"28":{"start":{"line":46,"column":6},"end":{"line":46,"column":62}},"29":{"start":{"line":47,"column":6},"end":{"line":47,"column":22}},"30":{"start":{"line":48,"column":6},"end":{"line":48,"column":63}},"31":{"start":{"line":51,"column":4},"end":{"line":51,"column":70}},"32":{"start":{"line":52,"column":4},"end":{"line":52,"column":20}},"33":{"start":{"line":53,"column":4},"end":{"line":53,"column":77}},"34":{"start":{"line":58,"column":14},"end":{"line":64,"column":1}},"35":{"start":{"line":59,"column":2},"end":{"line":63,"column":3}},"36":{"start":{"line":60,"column":4},"end":{"line":60,"column":11}},"37":{"start":{"line":62,"column":4},"end":{"line":62,"column":55}},"38":{"start":{"line":66,"column":0},"end":{"line":66,"column":36}}},"fnMap":{"0":{"name":"(anonymous_0)","decl":{"start":{"line":5,"column":16},"end":{"line":5,"column":17}},"loc":{"start":{"line":5,"column":42},"end":{"line":55,"column":1}},"line":5},"1":{"name":"(anonymous_1)","decl":{"start":{"line":58,"column":14},"end":{"line":58,"column":15}},"loc":{"start":{"line":58,"column":34},"end":{"line":64,"column":1}},"line":58}},"branchMap":{"0":{"loc":{"start":{"line":8,"column":4},"end":{"line":12,"column":5}},"type":"if","locations":[{"start":{"line":8,"column":4},"end":{"line":12,"column":5}},{"start":{},"end":{}}],"line":8},"1":{"loc":{"start":{"line":8,"column":8},"end":{"line":8,"column":56}},"type":"binary-expr","locations":[{"start":{"line":8,"column":8},"end":{"line":8,"column":19}},{"start":{"line":8,"column":23},"end":{"line":8,"column":56}}],"line":8},"2":{"loc":{"start":{"line":15,"column":20},"end":{"line":15,"column":48}},"type":"binary-expr","locations":[{"start":{"line":15,"column":20},"end":{"line":15,"column":42}},{"start":{"line":15,"column":46},"end":{"line":15,"column":48}}],"line":15},"3":{"loc":{"start":{"line":17,"column":4},"end":{"line":21,"column":5}},"type":"if","locations":[{"start":{"line":17,"column":4},"end":{"line":21,"column":5}},{"start":{},"end":{}}],"line":17},"4":{"loc":{"start":{"line":24,"column":19},"end":{"line":24,"column":62}},"type":"binary-expr","locations":[{"start":{"line":24,"column":19},"end":{"line":24,"column":29}},{"start":{"line":24,"column":33},"end":{"line":24,"column":44}},{"start":{"line":24,"column":48},"end":{"line":24,"column":62}}],"line":24},"5":{"loc":{"start":{"line":29,"column":4},"end":{"line":49,"column":5}},"type":"if","locations":[{"start":{"line":29,"column":4},"end":{"line":49,"column":5}},{"start":{"line":45,"column":11},"end":{"line":49,"column":5}}],"line":29},"6":{"loc":{"start":{"line":31,"column":6},"end":{"line":34,"column":7}},"type":"if","locations":[{"start":{"line":31,"column":6},"end":{"line":34,"column":7}},{"start":{},"end":{}}],"line":31},"7":{"loc":{"start":{"line":31,"column":10},"end":{"line":31,"column":83}},"type":"binary-expr","locations":[{"start":{"line":31,"column":10},"end":{"line":31,"column":45}},{"start":{"line":31,"column":49},"end":{"line":31,"column":83}}],"line":31},"8":{"loc":{"start":{"line":36,"column":6},"end":{"line":42,"column":7}},"type":"if","locations":[{"start":{"line":36,"column":6},"end":{"line":42,"column":7}},{"start":{},"end":{}}],"line":36},"9":{"loc":{"start":{"line":39,"column":19},"end":{"line":39,"column":104}},"type":"binary-expr","locations":[{"start":{"line":39,"column":19},"end":{"line":39,"column":41}},{"start":{"line":39,"column":45},"end":{"line":39,"column":104}}],"line":39},"10":{"loc":{"start":{"line":59,"column":2},"end":{"line":63,"column":3}},"type":"if","locations":[{"start":{"line":59,"column":2},"end":{"line":63,"column":3}},{"start":{"line":61,"column":9},"end":{"line":63,"column":3}}],"line":59},"11":{"loc":{"start":{"line":59,"column":6},"end":{"line":59,"column":78}},"type":"binary-expr","locations":[{"start":{"line":59,"column":6},"end":{"line":59,"column":14}},{"start":{"line":59,"column":19},"end":{"line":59,"column":44}},{"start":{"line":59,"column":48},"end":{"line":59,"column":77}}],"line":59}},"s":{"0":1,"1":1,"2":1,"3":8,"4":8,"5":8,"6":2,"7":2,"8":2,"9":6,"10":6,"11":6,"12":1,"13":1,"14":1,"15":5,"16":4,"17":4,"18":4,"19":4,"20":3,"21":1,"22":1,"23":2,"24":1,"25":1,"26":1,"27":1,"28":1,"29":1,"30":1,"31":1,"32":1,"33":1,"34":1,"35":3,"36":2,"37":1,"38":1},"f":{"0":8,"1":3},"b":{"0":[2,6],"1":[8,7],"2":[6,1],"3":[1,5],"4":[4,0,0],"5":[3,1],"6":[1,2],"7":[3,2],"8":[1,1],"9":[1,0],"10":[2,1],"11":[3,3,2]},"_coverageSchema":"1a1c01bbd47fc00a2c39e90264f33305004495a9","hash":"2f40b466f59795e2478465d67f17784d7fdeb8fc"}
,"C:\\Users\\Ahmed Khaled\\Desktop\\testing\\Ticketing-system-vol2-\\backend\\middleware\\errorMiddleware.js": {"path":"C:\\Users\\Ahmed Khaled\\Desktop\\testing\\Ticketing-system-vol2-\\backend\\middleware\\errorMiddleware.js","statementMap":{"0":{"start":{"line":1,"column":17},"end":{"line":1,"column":46}},"1":{"start":{"line":3,"column":21},"end":{"line":42,"column":1}},"2":{"start":{"line":4,"column":19},"end":{"line":4,"column":64}},"3":{"start":{"line":5,"column":16},"end":{"line":5,"column":27}},"4":{"start":{"line":8,"column":2},"end":{"line":18,"column":3}},"5":{"start":{"line":9,"column":4},"end":{"line":9,"column":21}},"6":{"start":{"line":10,"column":18},"end":{"line":10,"column":52}},"7":{"start":{"line":11,"column":4},"end":{"line":11,"column":77}},"8":{"start":{"line":12,"column":9},"end":{"line":18,"column":3}},"9":{"start":{"line":17,"column":4},"end":{"line":17,"column":21}},"10":{"start":{"line":20,"column":24},"end":{"line":29,"column":3}},"11":{"start":{"line":31,"column":2},"end":{"line":39,"column":3}},"12":{"start":{"line":32,"column":4},"end":{"line":36,"column":7}},"13":{"start":{"line":38,"column":4},"end":{"line":38,"column":57}},"14":{"start":{"line":41,"column":2},"end":{"line":41,"column":52}},"15":{"start":{"line":44,"column":0},"end":{"line":44,"column":34}}},"fnMap":{"0":{"name":"(anonymous_0)","decl":{"start":{"line":3,"column":21},"end":{"line":3,"column":22}},"loc":{"start":{"line":3,"column":52},"end":{"line":42,"column":1}},"line":3}},"branchMap":{"0":{"loc":{"start":{"line":4,"column":19},"end":{"line":4,"column":64}},"type":"cond-expr","locations":[{"start":{"line":4,"column":44},"end":{"line":4,"column":47}},{"start":{"line":4,"column":50},"end":{"line":4,"column":64}}],"line":4},"1":{"loc":{"start":{"line":8,"column":2},"end":{"line":18,"column":3}},"type":"if","locations":[{"start":{"line":8,"column":2},"end":{"line":18,"column":3}},{"start":{"line":12,"column":9},"end":{"line":18,"column":3}}],"line":8},"2":{"loc":{"start":{"line":8,"column":6},"end":{"line":8,"column":59}},"type":"binary-expr","locations":[{"start":{"line":8,"column":6},"end":{"line":8,"column":37}},{"start":{"line":8,"column":41},"end":{"line":8,"column":59}}],"line":8},"3":{"loc":{"start":{"line":10,"column":30},"end":{"line":10,"column":48}},"type":"binary-expr","locations":[{"start":{"line":10,"column":30},"end":{"line":10,"column":42}},{"start":{"line":10,"column":46},"end":{"line":10,"column":48}}],"line":10},"4":{"loc":{"start":{"line":11,"column":46},"end":{"line":11,"column":74}},"type":"cond-expr","locations":[{"start":{"line":11,"column":54},"end":{"line":11,"column":69}},{"start":{"line":11,"column":72},"end":{"line":11,"column":74}}],"line":11},"5":{"loc":{"start":{"line":12,"column":9},"end":{"line":18,"column":3}},"type":"if","locations":[{"start":{"line":12,"column":9},"end":{"line":18,"column":3}},{"start":{},"end":{}}],"line":12},"6":{"loc":{"start":{"line":13,"column":4},"end":{"line":15,"column":31}},"type":"binary-expr","locations":[{"start":{"line":13,"column":4},"end":{"line":13,"column":42}},{"start":{"line":14,"column":4},"end":{"line":14,"column":40}},{"start":{"line":15,"column":4},"end":{"line":15,"column":31}}],"line":13},"7":{"loc":{"start":{"line":24,"column":10},"end":{"line":24,"column":39}},"type":"cond-expr","locations":[{"start":{"line":24,"column":21},"end":{"line":24,"column":32}},{"start":{"line":24,"column":35},"end":{"line":24,"column":39}}],"line":24},"8":{"loc":{"start":{"line":34,"column":13},"end":{"line":34,"column":69}},"type":"cond-expr","locations":[{"start":{"line":34,"column":53},"end":{"line":34,"column":57}},{"start":{"line":34,"column":60},"end":{"line":34,"column":69}}],"line":34}},"s":{"0":1,"1":1,"2":5,"3":5,"4":5,"5":1,"6":1,"7":1,"8":4,"9":1,"10":5,"11":5,"12":5,"13":1,"14":5,"15":1},"f":{"0":5},"b":{"0":[5,0],"1":[1,4],"2":[5,1],"3":[1,0],"4":[1,0],"5":[1,3],"6":[4,4,3],"7":[0,5],"8":[1,4]},"_coverageSchema":"1a1c01bbd47fc00a2c39e90264f33305004495a9","hash":"31ddde381192cdfc66baed1bc177fbd44c76123f"}
,"C:\\Users\\Ahmed Khaled\\Desktop\\testing\\Ticketing-system-vol2-\\backend\\middleware\\ipControl.js": {"path":"C:\\Users\\Ahmed Khaled\\Desktop\\testing\\Ticketing-system-vol2-\\backend\\middleware\\ipControl.js","statementMap":{"0":{"start":{"line":1,"column":17},"end":{"line":1,"column":46}},"1":{"start":{"line":2,"column":22},"end":{"line":2,"column":56}},"2":{"start":{"line":3,"column":13},"end":{"line":3,"column":38}},"3":{"start":{"line":4,"column":12},"end":{"line":4,"column":35}},"4":{"start":{"line":10,"column":22},"end":{"line":28,"column":1}},"5":{"start":{"line":11,"column":2},"end":{"line":27,"column":3}},"6":{"start":{"line":12,"column":21},"end":{"line":12,"column":59}},"7":{"start":{"line":13,"column":21},"end":{"line":13,"column":68}},"8":{"start":{"line":15,"column":4},"end":{"line":22,"column":5}},"9":{"start":{"line":16,"column":6},"end":{"line":16,"column":106}},"10":{"start":{"line":17,"column":6},"end":{"line":21,"column":9}},"11":{"start":{"line":23,"column":4},"end":{"line":23,"column":11}},"12":{"start":{"line":25,"column":4},"end":{"line":25,"column":53}},"13":{"start":{"line":26,"column":4},"end":{"line":26,"column":11}},"14":{"start":{"line":34,"column":29},"end":{"line":69,"column":1}},"15":{"start":{"line":35,"column":2},"end":{"line":68,"column":3}},"16":{"start":{"line":36,"column":23},"end":{"line":36,"column":48}},"17":{"start":{"line":37,"column":4},"end":{"line":39,"column":5}},"18":{"start":{"line":38,"column":6},"end":{"line":38,"column":20}},"19":{"start":{"line":41,"column":18},"end":{"line":41,"column":42}},"20":{"start":{"line":42,"column":19},"end":{"line":42,"column":56}},"21":{"start":{"line":43,"column":4},"end":{"line":43,"column":31}},"22":{"start":{"line":43,"column":17},"end":{"line":43,"column":31}},"23":{"start":{"line":45,"column":20},"end":{"line":45,"column":45}},"24":{"start":{"line":46,"column":19},"end":{"line":46,"column":62}},"25":{"start":{"line":47,"column":17},"end":{"line":47,"column":44}},"26":{"start":{"line":49,"column":4},"end":{"line":51,"column":5}},"27":{"start":{"line":50,"column":6},"end":{"line":50,"column":20}},"28":{"start":{"line":53,"column":21},"end":{"line":53,"column":59}},"29":{"start":{"line":54,"column":26},"end":{"line":54,"column":78}},"30":{"start":{"line":56,"column":4},"end":{"line":62,"column":5}},"31":{"start":{"line":57,"column":6},"end":{"line":57,"column":108}},"32":{"start":{"line":58,"column":6},"end":{"line":61,"column":9}},"33":{"start":{"line":64,"column":4},"end":{"line":64,"column":11}},"34":{"start":{"line":66,"column":4},"end":{"line":66,"column":68}},"35":{"start":{"line":67,"column":4},"end":{"line":67,"column":11}},"36":{"start":{"line":71,"column":0},"end":{"line":74,"column":2}}},"fnMap":{"0":{"name":"(anonymous_0)","decl":{"start":{"line":10,"column":22},"end":{"line":10,"column":23}},"loc":{"start":{"line":10,"column":48},"end":{"line":28,"column":1}},"line":10},"1":{"name":"(anonymous_1)","decl":{"start":{"line":34,"column":29},"end":{"line":34,"column":30}},"loc":{"start":{"line":34,"column":55},"end":{"line":69,"column":1}},"line":34}},"branchMap":{"0":{"loc":{"start":{"line":12,"column":21},"end":{"line":12,"column":59}},"type":"binary-expr","locations":[{"start":{"line":12,"column":21},"end":{"line":12,"column":27}},{"start":{"line":12,"column":31},"end":{"line":12,"column":59}}],"line":12},"1":{"loc":{"start":{"line":15,"column":4},"end":{"line":22,"column":5}},"type":"if","locations":[{"start":{"line":15,"column":4},"end":{"line":22,"column":5}},{"start":{},"end":{}}],"line":15},"2":{"loc":{"start":{"line":37,"column":4},"end":{"line":39,"column":5}},"type":"if","locations":[{"start":{"line":37,"column":4},"end":{"line":39,"column":5}},{"start":{},"end":{}}],"line":37},"3":{"loc":{"start":{"line":37,"column":8},"end":{"line":37,"column":56}},"type":"binary-expr","locations":[{"start":{"line":37,"column":8},"end":{"line":37,"column":19}},{"start":{"line":37,"column":23},"end":{"line":37,"column":56}}],"line":37},"4":{"loc":{"start":{"line":42,"column":20},"end":{"line":42,"column":48}},"type":"binary-expr","locations":[{"start":{"line":42,"column":20},"end":{"line":42,"column":42}},{"start":{"line":42,"column":46},"end":{"line":42,"column":48}}],"line":42},"5":{"loc":{"start":{"line":43,"column":4},"end":{"line":43,"column":31}},"type":"if","locations":[{"start":{"line":43,"column":4},"end":{"line":43,"column":31}},{"start":{},"end":{}}],"line":43},"6":{"loc":{"start":{"line":46,"column":19},"end":{"line":46,"column":62}},"type":"binary-expr","locations":[{"start":{"line":46,"column":19},"end":{"line":46,"column":29}},{"start":{"line":46,"column":33},"end":{"line":46,"column":44}},{"start":{"line":46,"column":48},"end":{"line":46,"column":62}}],"line":46},"7":{"loc":{"start":{"line":49,"column":4},"end":{"line":51,"column":5}},"type":"if","locations":[{"start":{"line":49,"column":4},"end":{"line":51,"column":5}},{"start":{},"end":{}}],"line":49},"8":{"loc":{"start":{"line":49,"column":8},"end":{"line":49,"column":69}},"type":"binary-expr","locations":[{"start":{"line":49,"column":8},"end":{"line":49,"column":13}},{"start":{"line":49,"column":18},"end":{"line":49,"column":39}},{"start":{"line":49,"column":43},"end":{"line":49,"column":68}}],"line":49},"9":{"loc":{"start":{"line":53,"column":21},"end":{"line":53,"column":59}},"type":"binary-expr","locations":[{"start":{"line":53,"column":21},"end":{"line":53,"column":27}},{"start":{"line":53,"column":31},"end":{"line":53,"column":59}}],"line":53},"10":{"loc":{"start":{"line":56,"column":4},"end":{"line":62,"column":5}},"type":"if","locations":[{"start":{"line":56,"column":4},"end":{"line":62,"column":5}},{"start":{},"end":{}}],"line":56}},"s":{"0":1,"1":1,"2":1,"3":1,"4":1,"5":0,"6":0,"7":0,"8":0,"9":0,"10":0,"11":0,"12":0,"13":0,"14":1,"15":0,"16":0,"17":0,"18":0,"19":0,"20":0,"21":0,"22":0,"23":0,"24":0,"25":0,"26":0,"27":0,"28":0,"29":0,"30":0,"31":0,"32":0,"33":0,"34":0,"35":0,"36":1},"f":{"0":0,"1":0},"b":{"0":[0,0],"1":[0,0],"2":[0,0],"3":[0,0],"4":[0,0],"5":[0,0],"6":[0,0,0],"7":[0,0],"8":[0,0,0],"9":[0,0],"10":[0,0]},"_coverageSchema":"1a1c01bbd47fc00a2c39e90264f33305004495a9","hash":"34222e15d1d98336fe77c7201b273dde455ae078"}
,"C:\\Users\\Ahmed Khaled\\Desktop\\testing\\Ticketing-system-vol2-\\backend\\middleware\\superAdminMiddleware.js": {"path":"C:\\Users\\Ahmed Khaled\\Desktop\\testing\\Ticketing-system-vol2-\\backend\\middleware\\superAdminMiddleware.js","statementMap":{"0":{"start":{"line":1,"column":12},"end":{"line":1,"column":35}},"1":{"start":{"line":2,"column":13},"end":{"line":2,"column":38}},"2":{"start":{"line":3,"column":22},"end":{"line":3,"column":56}},"3":{"start":{"line":4,"column":19},"end":{"line":4,"column":49}},"4":{"start":{"line":7,"column":21},"end":{"line":58,"column":1}},"5":{"start":{"line":8,"column":2},"end":{"line":57,"column":3}},"6":{"start":{"line":10,"column":4},"end":{"line":14,"column":5}},"7":{"start":{"line":11,"column":6},"end":{"line":11,"column":54}},"8":{"start":{"line":12,"column":11},"end":{"line":14,"column":5}},"9":{"start":{"line":13,"column":6},"end":{"line":13,"column":30}},"10":{"start":{"line":16,"column":4},"end":{"line":18,"column":5}},"11":{"start":{"line":17,"column":6},"end":{"line":17,"column":89}},"12":{"start":{"line":19,"column":19},"end":{"line":19,"column":56}},"13":{"start":{"line":21,"column":4},"end":{"line":24,"column":5}},"14":{"start":{"line":22,"column":6},"end":{"line":22,"column":61}},"15":{"start":{"line":23,"column":6},"end":{"line":23,"column":77}},"16":{"start":{"line":26,"column":20},"end":{"line":26,"column":45}},"17":{"start":{"line":27,"column":19},"end":{"line":27,"column":62}},"18":{"start":{"line":28,"column":4},"end":{"line":28,"column":64}},"19":{"start":{"line":30,"column":17},"end":{"line":30,"column":44}},"20":{"start":{"line":31,"column":4},"end":{"line":35,"column":5}},"21":{"start":{"line":32,"column":6},"end":{"line":32,"column":80}},"22":{"start":{"line":34,"column":6},"end":{"line":34,"column":66}},"23":{"start":{"line":37,"column":28},"end":{"line":37,"column":105}},"24":{"start":{"line":40,"column":4},"end":{"line":50,"column":5}},"25":{"start":{"line":41,"column":6},"end":{"line":41,"column":104}},"26":{"start":{"line":42,"column":6},"end":{"line":49,"column":9}},"27":{"start":{"line":52,"column":4},"end":{"line":52,"column":20}},"28":{"start":{"line":53,"column":4},"end":{"line":53,"column":11}},"29":{"start":{"line":55,"column":4},"end":{"line":55,"column":72}},"30":{"start":{"line":56,"column":4},"end":{"line":56,"column":79}},"31":{"start":{"line":61,"column":26},"end":{"line":114,"column":1}},"32":{"start":{"line":62,"column":2},"end":{"line":113,"column":3}},"33":{"start":{"line":64,"column":4},"end":{"line":68,"column":5}},"34":{"start":{"line":65,"column":6},"end":{"line":65,"column":54}},"35":{"start":{"line":66,"column":11},"end":{"line":68,"column":5}},"36":{"start":{"line":67,"column":6},"end":{"line":67,"column":30}},"37":{"start":{"line":70,"column":4},"end":{"line":72,"column":5}},"38":{"start":{"line":71,"column":6},"end":{"line":71,"column":89}},"39":{"start":{"line":73,"column":19},"end":{"line":73,"column":56}},"40":{"start":{"line":75,"column":4},"end":{"line":78,"column":5}},"41":{"start":{"line":76,"column":6},"end":{"line":76,"column":66}},"42":{"start":{"line":77,"column":6},"end":{"line":77,"column":77}},"43":{"start":{"line":80,"column":20},"end":{"line":80,"column":45}},"44":{"start":{"line":81,"column":19},"end":{"line":81,"column":62}},"45":{"start":{"line":82,"column":17},"end":{"line":82,"column":44}},"46":{"start":{"line":84,"column":28},"end":{"line":84,"column":105}},"47":{"start":{"line":85,"column":4},"end":{"line":106,"column":5}},"48":{"start":{"line":87,"column":6},"end":{"line":104,"column":7}},"49":{"start":{"line":88,"column":8},"end":{"line":103,"column":9}},"50":{"start":{"line":89,"column":27},"end":{"line":89,"column":53}},"51":{"start":{"line":90,"column":22},"end":{"line":97,"column":12}},"52":{"start":{"line":98,"column":21},"end":{"line":98,"column":38}},"53":{"start":{"line":99,"column":10},"end":{"line":99,"column":49}},"54":{"start":{"line":99,"column":18},"end":{"line":99,"column":49}},"55":{"start":{"line":100,"column":10},"end":{"line":100,"column":40}},"56":{"start":{"line":102,"column":10},"end":{"line":102,"column":49}},"57":{"start":{"line":105,"column":6},"end":{"line":105,"column":89}},"58":{"start":{"line":108,"column":4},"end":{"line":108,"column":20}},"59":{"start":{"line":109,"column":4},"end":{"line":109,"column":11}},"60":{"start":{"line":111,"column":4},"end":{"line":111,"column":77}},"61":{"start":{"line":112,"column":4},"end":{"line":112,"column":79}},"62":{"start":{"line":116,"column":0},"end":{"line":116,"column":53}}},"fnMap":{"0":{"name":"(anonymous_0)","decl":{"start":{"line":7,"column":21},"end":{"line":7,"column":22}},"loc":{"start":{"line":7,"column":47},"end":{"line":58,"column":1}},"line":7},"1":{"name":"(anonymous_1)","decl":{"start":{"line":61,"column":26},"end":{"line":61,"column":27}},"loc":{"start":{"line":61,"column":52},"end":{"line":114,"column":1}},"line":61}},"branchMap":{"0":{"loc":{"start":{"line":10,"column":4},"end":{"line":14,"column":5}},"type":"if","locations":[{"start":{"line":10,"column":4},"end":{"line":14,"column":5}},{"start":{"line":12,"column":11},"end":{"line":14,"column":5}}],"line":10},"1":{"loc":{"start":{"line":10,"column":8},"end":{"line":10,"column":84}},"type":"binary-expr","locations":[{"start":{"line":10,"column":8},"end":{"line":10,"column":33}},{"start":{"line":10,"column":37},"end":{"line":10,"column":84}}],"line":10},"2":{"loc":{"start":{"line":12,"column":11},"end":{"line":14,"column":5}},"type":"if","locations":[{"start":{"line":12,"column":11},"end":{"line":14,"column":5}},{"start":{},"end":{}}],"line":12},"3":{"loc":{"start":{"line":16,"column":4},"end":{"line":18,"column":5}},"type":"if","locations":[{"start":{"line":16,"column":4},"end":{"line":18,"column":5}},{"start":{},"end":{}}],"line":16},"4":{"loc":{"start":{"line":19,"column":20},"end":{"line":19,"column":48}},"type":"binary-expr","locations":[{"start":{"line":19,"column":20},"end":{"line":19,"column":42}},{"start":{"line":19,"column":46},"end":{"line":19,"column":48}}],"line":19},"5":{"loc":{"start":{"line":21,"column":4},"end":{"line":24,"column":5}},"type":"if","locations":[{"start":{"line":21,"column":4},"end":{"line":24,"column":5}},{"start":{},"end":{}}],"line":21},"6":{"loc":{"start":{"line":27,"column":19},"end":{"line":27,"column":62}},"type":"binary-expr","locations":[{"start":{"line":27,"column":19},"end":{"line":27,"column":29}},{"start":{"line":27,"column":33},"end":{"line":27,"column":44}},{"start":{"line":27,"column":48},"end":{"line":27,"column":62}}],"line":27},"7":{"loc":{"start":{"line":31,"column":4},"end":{"line":35,"column":5}},"type":"if","locations":[{"start":{"line":31,"column":4},"end":{"line":35,"column":5}},{"start":{"line":33,"column":11},"end":{"line":35,"column":5}}],"line":31},"8":{"loc":{"start":{"line":37,"column":29},"end":{"line":37,"column":83}},"type":"binary-expr","locations":[{"start":{"line":37,"column":29},"end":{"line":37,"column":58}},{"start":{"line":37,"column":62},"end":{"line":37,"column":83}}],"line":37},"9":{"loc":{"start":{"line":40,"column":4},"end":{"line":50,"column":5}},"type":"if","locations":[{"start":{"line":40,"column":4},"end":{"line":50,"column":5}},{"start":{},"end":{}}],"line":40},"10":{"loc":{"start":{"line":40,"column":8},"end":{"line":40,"column":124}},"type":"binary-expr","locations":[{"start":{"line":40,"column":8},"end":{"line":40,"column":13}},{"start":{"line":40,"column":18},"end":{"line":40,"column":39}},{"start":{"line":40,"column":43},"end":{"line":40,"column":68}},{"start":{"line":40,"column":72},"end":{"line":40,"column":123}}],"line":40},"11":{"loc":{"start":{"line":41,"column":52},"end":{"line":41,"column":76}},"type":"binary-expr","locations":[{"start":{"line":41,"column":52},"end":{"line":41,"column":63}},{"start":{"line":41,"column":67},"end":{"line":41,"column":76}}],"line":41},"12":{"loc":{"start":{"line":64,"column":4},"end":{"line":68,"column":5}},"type":"if","locations":[{"start":{"line":64,"column":4},"end":{"line":68,"column":5}},{"start":{"line":66,"column":11},"end":{"line":68,"column":5}}],"line":64},"13":{"loc":{"start":{"line":64,"column":8},"end":{"line":64,"column":84}},"type":"binary-expr","locations":[{"start":{"line":64,"column":8},"end":{"line":64,"column":33}},{"start":{"line":64,"column":37},"end":{"line":64,"column":84}}],"line":64},"14":{"loc":{"start":{"line":66,"column":11},"end":{"line":68,"column":5}},"type":"if","locations":[{"start":{"line":66,"column":11},"end":{"line":68,"column":5}},{"start":{},"end":{}}],"line":66},"15":{"loc":{"start":{"line":70,"column":4},"end":{"line":72,"column":5}},"type":"if","locations":[{"start":{"line":70,"column":4},"end":{"line":72,"column":5}},{"start":{},"end":{}}],"line":70},"16":{"loc":{"start":{"line":73,"column":20},"end":{"line":73,"column":48}},"type":"binary-expr","locations":[{"start":{"line":73,"column":20},"end":{"line":73,"column":42}},{"start":{"line":73,"column":46},"end":{"line":73,"column":48}}],"line":73},"17":{"loc":{"start":{"line":75,"column":4},"end":{"line":78,"column":5}},"type":"if","locations":[{"start":{"line":75,"column":4},"end":{"line":78,"column":5}},{"start":{},"end":{}}],"line":75},"18":{"loc":{"start":{"line":81,"column":19},"end":{"line":81,"column":62}},"type":"binary-expr","locations":[{"start":{"line":81,"column":19},"end":{"line":81,"column":29}},{"start":{"line":81,"column":33},"end":{"line":81,"column":44}},{"start":{"line":81,"column":48},"end":{"line":81,"column":62}}],"line":81},"19":{"loc":{"start":{"line":84,"column":29},"end":{"line":84,"column":83}},"type":"binary-expr","locations":[{"start":{"line":84,"column":29},"end":{"line":84,"column":58}},{"start":{"line":84,"column":62},"end":{"line":84,"column":83}}],"line":84},"20":{"loc":{"start":{"line":85,"column":4},"end":{"line":106,"column":5}},"type":"if","locations":[{"start":{"line":85,"column":4},"end":{"line":106,"column":5}},{"start":{},"end":{}}],"line":85},"21":{"loc":{"start":{"line":85,"column":8},"end":{"line":85,"column":93}},"type":"binary-expr","locations":[{"start":{"line":85,"column":8},"end":{"line":85,"column":13}},{"start":{"line":85,"column":17},"end":{"line":85,"column":38}},{"start":{"line":85,"column":42},"end":{"line":85,"column":93}}],"line":85},"22":{"loc":{"start":{"line":87,"column":6},"end":{"line":104,"column":7}},"type":"if","locations":[{"start":{"line":87,"column":6},"end":{"line":104,"column":7}},{"start":{},"end":{}}],"line":87},"23":{"loc":{"start":{"line":87,"column":10},"end":{"line":87,"column":70}},"type":"binary-expr","locations":[{"start":{"line":87,"column":10},"end":{"line":87,"column":14}},{"start":{"line":87,"column":19},"end":{"line":87,"column":40}},{"start":{"line":87,"column":44},"end":{"line":87,"column":69}}],"line":87},"24":{"loc":{"start":{"line":89,"column":27},"end":{"line":89,"column":53}},"type":"binary-expr","locations":[{"start":{"line":89,"column":27},"end":{"line":89,"column":33}},{"start":{"line":89,"column":37},"end":{"line":89,"column":53}}],"line":89},"25":{"loc":{"start":{"line":96,"column":23},"end":{"line":96,"column":57}},"type":"binary-expr","locations":[{"start":{"line":96,"column":23},"end":{"line":96,"column":44}},{"start":{"line":96,"column":48},"end":{"line":96,"column":57}}],"line":96},"26":{"loc":{"start":{"line":99,"column":10},"end":{"line":99,"column":49}},"type":"if","locations":[{"start":{"line":99,"column":10},"end":{"line":99,"column":49}},{"start":{},"end":{}}],"line":99}},"s":{"0":1,"1":1,"2":1,"3":1,"4":1,"5":0,"6":0,"7":0,"8":0,"9":0,"10":0,"11":0,"12":0,"13":0,"14":0,"15":0,"16":0,"17":0,"18":0,"19":0,"20":0,"21":0,"22":0,"23":0,"24":0,"25":0,"26":0,"27":0,"28":0,"29":0,"30":0,"31":1,"32":2,"33":2,"34":0,"35":2,"36":0,"37":0,"38":0,"39":0,"40":0,"41":0,"42":0,"43":0,"44":0,"45":0,"46":0,"47":0,"48":0,"49":0,"50":0,"51":0,"52":0,"53":0,"54":0,"55":0,"56":0,"57":0,"58":0,"59":0,"60":2,"61":2,"62":1},"f":{"0":0,"1":2},"b":{"0":[0,0],"1":[0,0],"2":[0,0],"3":[0,0],"4":[0,0],"5":[0,0],"6":[0,0,0],"7":[0,0],"8":[0,0],"9":[0,0],"10":[0,0,0,0],"11":[0,0],"12":[0,2],"13":[2,0],"14":[0,0],"15":[0,0],"16":[0,0],"17":[0,0],"18":[0,0,0],"19":[0,0],"20":[0,0],"21":[0,0,0],"22":[0,0],"23":[0,0,0],"24":[0,0],"25":[0,0],"26":[0,0]},"_coverageSchema":"1a1c01bbd47fc00a2c39e90264f33305004495a9","hash":"52d5769dfe585bb52133e37b3fe57d54b0e8bd43"}
,"C:\\Users\\Ahmed Khaled\\Desktop\\testing\\Ticketing-system-vol2-\\backend\\models\\AdminAuditLog.js": {"path":"C:\\Users\\Ahmed Khaled\\Desktop\\testing\\Ticketing-system-vol2-\\backend\\models\\AdminAuditLog.js","statementMap":{"0":{"start":{"line":1,"column":17},"end":{"line":1,"column":36}},"1":{"start":{"line":2,"column":55},"end":{"line":2,"column":85}},"2":{"start":{"line":4,"column":28},"end":{"line":38,"column":1}},"3":{"start":{"line":41,"column":0},"end":{"line":41,"column":45}},"4":{"start":{"line":42,"column":0},"end":{"line":42,"column":51}},"5":{"start":{"line":44,"column":0},"end":{"line":44,"column":70}}},"fnMap":{},"branchMap":{},"s":{"0":1,"1":1,"2":1,"3":1,"4":1,"5":1},"f":{},"b":{},"_coverageSchema":"1a1c01bbd47fc00a2c39e90264f33305004495a9","hash":"a3cc8514e309760a3257c5fcbcc0a71b36dc1df7"}
,"C:\\Users\\Ahmed Khaled\\Desktop\\testing\\Ticketing-system-vol2-\\backend\\models\\BannedIP.js": {"path":"C:\\Users\\Ahmed Khaled\\Desktop\\testing\\Ticketing-system-vol2-\\backend\\models\\BannedIP.js","statementMap":{"0":{"start":{"line":1,"column":17},"end":{"line":1,"column":36}},"1":{"start":{"line":2,"column":55},"end":{"line":2,"column":85}},"2":{"start":{"line":4,"column":23},"end":{"line":24,"column":1}},"3":{"start":{"line":26,"column":0},"end":{"line":26,"column":40}},"4":{"start":{"line":28,"column":0},"end":{"line":28,"column":60}}},"fnMap":{},"branchMap":{},"s":{"0":1,"1":1,"2":1,"3":1,"4":1},"f":{},"b":{},"_coverageSchema":"1a1c01bbd47fc00a2c39e90264f33305004495a9","hash":"87c8377e86bcb661f86d701040f5df2944f98ba6"}
,"C:\\Users\\Ahmed Khaled\\Desktop\\testing\\Ticketing-system-vol2-\\backend\\models\\ErrorLog.js": {"path":"C:\\Users\\Ahmed Khaled\\Desktop\\testing\\Ticketing-system-vol2-\\backend\\models\\ErrorLog.js","statementMap":{"0":{"start":{"line":1,"column":17},"end":{"line":1,"column":36}},"1":{"start":{"line":3,"column":23},"end":{"line":11,"column":1}},"2":{"start":{"line":13,"column":0},"end":{"line":13,"column":60}}},"fnMap":{},"branchMap":{},"s":{"0":1,"1":1,"2":1},"f":{},"b":{},"_coverageSchema":"1a1c01bbd47fc00a2c39e90264f33305004495a9","hash":"745f70989e80cd02cbaafa56729e0573424a0229"}
,"C:\\Users\\Ahmed Khaled\\Desktop\\testing\\Ticketing-system-vol2-\\backend\\models\\Risk.js": {"path":"C:\\Users\\Ahmed Khaled\\Desktop\\testing\\Ticketing-system-vol2-\\backend\\models\\Risk.js","statementMap":{"0":{"start":{"line":1,"column":17},"end":{"line":1,"column":36}},"1":{"start":{"line":3,"column":19},"end":{"line":57,"column":1}},"2":{"start":{"line":59,"column":13},"end":{"line":59,"column":47}},"3":{"start":{"line":60,"column":0},"end":{"line":60,"column":22}}},"fnMap":{},"branchMap":{},"s":{"0":1,"1":1,"2":1,"3":1},"f":{},"b":{},"_coverageSchema":"1a1c01bbd47fc00a2c39e90264f33305004495a9","hash":"50777ef083698397b50d8daa3d36075bbff13a29"}
,"C:\\Users\\Ahmed Khaled\\Desktop\\testing\\Ticketing-system-vol2-\\backend\\models\\Ticket.js": {"path":"C:\\Users\\Ahmed Khaled\\Desktop\\testing\\Ticketing-system-vol2-\\backend\\models\\Ticket.js","statementMap":{"0":{"start":{"line":1,"column":17},"end":{"line":1,"column":36}},"1":{"start":{"line":3,"column":21},"end":{"line":72,"column":1}},"2":{"start":{"line":75,"column":0},"end":{"line":75,"column":69}},"3":{"start":{"line":76,"column":0},"end":{"line":76,"column":48}},"4":{"start":{"line":77,"column":0},"end":{"line":77,"column":59}},"5":{"start":{"line":78,"column":0},"end":{"line":78,"column":38}},"6":{"start":{"line":81,"column":0},"end":{"line":118,"column":2}},"7":{"start":{"line":82,"column":21},"end":{"line":82,"column":35}},"8":{"start":{"line":83,"column":2},"end":{"line":83,"column":37}},"9":{"start":{"line":84,"column":19},"end":{"line":84,"column":31}},"10":{"start":{"line":85,"column":2},"end":{"line":85,"column":40}},"11":{"start":{"line":87,"column":18},"end":{"line":109,"column":4}},"12":{"start":{"line":112,"column":25},"end":{"line":112,"column":27}},"13":{"start":{"line":113,"column":2},"end":{"line":115,"column":5}},"14":{"start":{"line":114,"column":4},"end":{"line":114,"column":36}},"15":{"start":{"line":117,"column":2},"end":{"line":117,"column":24}},"16":{"start":{"line":121,"column":24},"end":{"line":146,"column":1}},"17":{"start":{"line":122,"column":2},"end":{"line":145,"column":3}},"18":{"start":{"line":123,"column":19},"end":{"line":123,"column":36}},"19":{"start":{"line":124,"column":4},"end":{"line":142,"column":5}},"20":{"start":{"line":126,"column":6},"end":{"line":129,"column":9}},"21":{"start":{"line":132,"column":6},"end":{"line":135,"column":9}},"22":{"start":{"line":138,"column":6},"end":{"line":138,"column":39}},"23":{"start":{"line":141,"column":6},"end":{"line":141,"column":34}},"24":{"start":{"line":148,"column":0},"end":{"line":150,"column":3}},"25":{"start":{"line":149,"column":2},"end":{"line":149,"column":23}},"26":{"start":{"line":152,"column":0},"end":{"line":154,"column":3}},"27":{"start":{"line":153,"column":2},"end":{"line":153,"column":46}},"28":{"start":{"line":153,"column":24},"end":{"line":153,"column":44}},"29":{"start":{"line":156,"column":15},"end":{"line":156,"column":53}},"30":{"start":{"line":157,"column":0},"end":{"line":157,"column":24}}},"fnMap":{"0":{"name":"(anonymous_0)","decl":{"start":{"line":81,"column":47},"end":{"line":81,"column":48}},"loc":{"start":{"line":81,"column":73},"end":{"line":118,"column":1}},"line":81},"1":{"name":"(anonymous_1)","decl":{"start":{"line":113,"column":18},"end":{"line":113,"column":19}},"loc":{"start":{"line":113,"column":25},"end":{"line":115,"column":3}},"line":113},"2":{"name":"(anonymous_2)","decl":{"start":{"line":121,"column":24},"end":{"line":121,"column":25}},"loc":{"start":{"line":121,"column":36},"end":{"line":146,"column":1}},"line":121},"3":{"name":"(anonymous_3)","decl":{"start":{"line":148,"column":26},"end":{"line":148,"column":27}},"loc":{"start":{"line":148,"column":35},"end":{"line":150,"column":1}},"line":148},"4":{"name":"(anonymous_4)","decl":{"start":{"line":152,"column":32},"end":{"line":152,"column":33}},"loc":{"start":{"line":152,"column":42},"end":{"line":154,"column":1}},"line":152},"5":{"name":"(anonymous_5)","decl":{"start":{"line":153,"column":15},"end":{"line":153,"column":16}},"loc":{"start":{"line":153,"column":24},"end":{"line":153,"column":44}},"line":153}},"branchMap":{"0":{"loc":{"start":{"line":124,"column":4},"end":{"line":142,"column":5}},"type":"if","locations":[{"start":{"line":124,"column":4},"end":{"line":142,"column":5}},{"start":{},"end":{}}],"line":124}},"s":{"0":1,"1":1,"2":1,"3":1,"4":1,"5":1,"6":1,"7":0,"8":0,"9":0,"10":0,"11":0,"12":0,"13":0,"14":0,"15":0,"16":1,"17":0,"18":0,"19":0,"20":0,"21":0,"22":0,"23":0,"24":1,"25":0,"26":1,"27":0,"28":0,"29":1,"30":1},"f":{"0":0,"1":0,"2":0,"3":0,"4":0,"5":0},"b":{"0":[0,0]},"_coverageSchema":"1a1c01bbd47fc00a2c39e90264f33305004495a9","hash":"dadd2be1b7c48f3f782141c54ed1e9a388674d01"}
,"C:\\Users\\Ahmed Khaled\\Desktop\\testing\\Ticketing-system-vol2-\\backend\\models\\User.js": {"path":"C:\\Users\\Ahmed Khaled\\Desktop\\testing\\Ticketing-system-vol2-\\backend\\models\\User.js","statementMap":{"0":{"start":{"line":1,"column":17},"end":{"line":1,"column":36}},"1":{"start":{"line":2,"column":15},"end":{"line":2,"column":32}},"2":{"start":{"line":8,"column":4},"end":{"line":8,"column":34}},"3":{"start":{"line":10,"column":19},"end":{"line":124,"column":1}},"4":{"start":{"line":88,"column":28},"end":{"line":88,"column":51}},"5":{"start":{"line":89,"column":10},"end":{"line":89,"column":90}},"6":{"start":{"line":91,"column":26},"end":{"line":91,"column":50}},"7":{"start":{"line":114,"column":54},"end":{"line":114,"column":79}},"8":{"start":{"line":115,"column":53},"end":{"line":115,"column":77}},"9":{"start":{"line":126,"column":21},"end":{"line":126,"column":78}},"10":{"start":{"line":126,"column":30},"end":{"line":126,"column":78}},"11":{"start":{"line":128,"column":0},"end":{"line":134,"column":3}},"12":{"start":{"line":129,"column":2},"end":{"line":131,"column":3}},"13":{"start":{"line":130,"column":4},"end":{"line":130,"column":11}},"14":{"start":{"line":132,"column":15},"end":{"line":132,"column":39}},"15":{"start":{"line":133,"column":2},"end":{"line":133,"column":57}},"16":{"start":{"line":136,"column":0},"end":{"line":149,"column":3}},"17":{"start":{"line":137,"column":17},"end":{"line":137,"column":33}},"18":{"start":{"line":138,"column":19},"end":{"line":138,"column":81}},"19":{"start":{"line":140,"column":2},"end":{"line":148,"column":3}},"20":{"start":{"line":141,"column":17},"end":{"line":141,"column":41}},"21":{"start":{"line":142,"column":19},"end":{"line":142,"column":52}},"22":{"start":{"line":143,"column":4},"end":{"line":147,"column":5}},"23":{"start":{"line":144,"column":6},"end":{"line":144,"column":31}},"24":{"start":{"line":146,"column":6},"end":{"line":146,"column":36}},"25":{"start":{"line":151,"column":0},"end":{"line":164,"column":3}},"26":{"start":{"line":152,"column":17},"end":{"line":152,"column":33}},"27":{"start":{"line":153,"column":19},"end":{"line":153,"column":81}},"28":{"start":{"line":155,"column":2},"end":{"line":163,"column":3}},"29":{"start":{"line":156,"column":17},"end":{"line":156,"column":41}},"30":{"start":{"line":157,"column":19},"end":{"line":157,"column":52}},"31":{"start":{"line":158,"column":4},"end":{"line":162,"column":5}},"32":{"start":{"line":159,"column":6},"end":{"line":159,"column":31}},"33":{"start":{"line":161,"column":6},"end":{"line":161,"column":36}},"34":{"start":{"line":166,"column":0},"end":{"line":179,"column":3}},"35":{"start":{"line":167,"column":17},"end":{"line":167,"column":33}},"36":{"start":{"line":168,"column":19},"end":{"line":168,"column":81}},"37":{"start":{"line":170,"column":2},"end":{"line":178,"column":3}},"38":{"start":{"line":171,"column":17},"end":{"line":171,"column":41}},"39":{"start":{"line":172,"column":19},"end":{"line":172,"column":52}},"40":{"start":{"line":173,"column":4},"end":{"line":177,"column":5}},"41":{"start":{"line":174,"column":6},"end":{"line":174,"column":31}},"42":{"start":{"line":176,"column":6},"end":{"line":176,"column":36}},"43":{"start":{"line":181,"column":0},"end":{"line":183,"column":2}},"44":{"start":{"line":182,"column":2},"end":{"line":182,"column":62}},"45":{"start":{"line":186,"column":0},"end":{"line":186,"column":65}},"46":{"start":{"line":188,"column":13},"end":{"line":188,"column":47}},"47":{"start":{"line":189,"column":0},"end":{"line":189,"column":22}}},"fnMap":{"0":{"name":"(anonymous_0)","decl":{"start":{"line":87,"column":19},"end":{"line":87,"column":20}},"loc":{"start":{"line":87,"column":31},"end":{"line":90,"column":9}},"line":87},"1":{"name":"(anonymous_1)","decl":{"start":{"line":91,"column":17},"end":{"line":91,"column":18}},"loc":{"start":{"line":91,"column":26},"end":{"line":91,"column":50}},"line":91},"2":{"name":"(anonymous_2)","decl":{"start":{"line":114,"column":48},"end":{"line":114,"column":49}},"loc":{"start":{"line":114,"column":54},"end":{"line":114,"column":79}},"line":114},"3":{"name":"(anonymous_3)","decl":{"start":{"line":115,"column":47},"end":{"line":115,"column":48}},"loc":{"start":{"line":115,"column":53},"end":{"line":115,"column":77}},"line":115},"4":{"name":"(anonymous_4)","decl":{"start":{"line":126,"column":21},"end":{"line":126,"column":22}},"loc":{"start":{"line":126,"column":30},"end":{"line":126,"column":78}},"line":126},"5":{"name":"(anonymous_5)","decl":{"start":{"line":128,"column":23},"end":{"line":128,"column":24}},"loc":{"start":{"line":128,"column":41},"end":{"line":134,"column":1}},"line":128},"6":{"name":"(anonymous_6)","decl":{"start":{"line":136,"column":35},"end":{"line":136,"column":36}},"loc":{"start":{"line":136,"column":53},"end":{"line":149,"column":1}},"line":136},"7":{"name":"(anonymous_7)","decl":{"start":{"line":151,"column":29},"end":{"line":151,"column":30}},"loc":{"start":{"line":151,"column":47},"end":{"line":164,"column":1}},"line":151},"8":{"name":"(anonymous_8)","decl":{"start":{"line":166,"column":28},"end":{"line":166,"column":29}},"loc":{"start":{"line":166,"column":46},"end":{"line":179,"column":1}},"line":166},"9":{"name":"(anonymous_9)","decl":{"start":{"line":181,"column":35},"end":{"line":181,"column":36}},"loc":{"start":{"line":181,"column":68},"end":{"line":183,"column":1}},"line":181}},"branchMap":{"0":{"loc":{"start":{"line":129,"column":2},"end":{"line":131,"column":3}},"type":"if","locations":[{"start":{"line":129,"column":2},"end":{"line":131,"column":3}},{"start":{},"end":{}}],"line":129},"1":{"loc":{"start":{"line":129,"column":6},"end":{"line":129,"column":65}},"type":"binary-expr","locations":[{"start":{"line":129,"column":6},"end":{"line":129,"column":34}},{"start":{"line":129,"column":38},"end":{"line":129,"column":65}}],"line":129},"2":{"loc":{"start":{"line":138,"column":19},"end":{"line":138,"column":81}},"type":"binary-expr","locations":[{"start":{"line":138,"column":19},"end":{"line":138,"column":34}},{"start":{"line":138,"column":39},"end":{"line":138,"column":80}}],"line":138},"3":{"loc":{"start":{"line":138,"column":39},"end":{"line":138,"column":80}},"type":"cond-expr","locations":[{"start":{"line":138,"column":53},"end":{"line":138,"column":73}},{"start":{"line":138,"column":76},"end":{"line":138,"column":80}}],"line":138},"4":{"loc":{"start":{"line":140,"column":2},"end":{"line":148,"column":3}},"type":"if","locations":[{"start":{"line":140,"column":2},"end":{"line":148,"column":3}},{"start":{},"end":{}}],"line":140},"5":{"loc":{"start":{"line":140,"column":6},"end":{"line":140,"column":41}},"type":"binary-expr","locations":[{"start":{"line":140,"column":6},"end":{"line":140,"column":14}},{"start":{"line":140,"column":18},"end":{"line":140,"column":41}}],"line":140},"6":{"loc":{"start":{"line":143,"column":4},"end":{"line":147,"column":5}},"type":"if","locations":[{"start":{"line":143,"column":4},"end":{"line":147,"column":5}},{"start":{"line":145,"column":11},"end":{"line":147,"column":5}}],"line":143},"7":{"loc":{"start":{"line":153,"column":19},"end":{"line":153,"column":81}},"type":"binary-expr","locations":[{"start":{"line":153,"column":19},"end":{"line":153,"column":34}},{"start":{"line":153,"column":39},"end":{"line":153,"column":80}}],"line":153},"8":{"loc":{"start":{"line":153,"column":39},"end":{"line":153,"column":80}},"type":"cond-expr","locations":[{"start":{"line":153,"column":53},"end":{"line":153,"column":73}},{"start":{"line":153,"column":76},"end":{"line":153,"column":80}}],"line":153},"9":{"loc":{"start":{"line":155,"column":2},"end":{"line":163,"column":3}},"type":"if","locations":[{"start":{"line":155,"column":2},"end":{"line":163,"column":3}},{"start":{},"end":{}}],"line":155},"10":{"loc":{"start":{"line":155,"column":6},"end":{"line":155,"column":41}},"type":"binary-expr","locations":[{"start":{"line":155,"column":6},"end":{"line":155,"column":14}},{"start":{"line":155,"column":18},"end":{"line":155,"column":41}}],"line":155},"11":{"loc":{"start":{"line":158,"column":4},"end":{"line":162,"column":5}},"type":"if","locations":[{"start":{"line":158,"column":4},"end":{"line":162,"column":5}},{"start":{"line":160,"column":11},"end":{"line":162,"column":5}}],"line":158},"12":{"loc":{"start":{"line":168,"column":19},"end":{"line":168,"column":81}},"type":"binary-expr","locations":[{"start":{"line":168,"column":19},"end":{"line":168,"column":34}},{"start":{"line":168,"column":39},"end":{"line":168,"column":80}}],"line":168},"13":{"loc":{"start":{"line":168,"column":39},"end":{"line":168,"column":80}},"type":"cond-expr","locations":[{"start":{"line":168,"column":53},"end":{"line":168,"column":73}},{"start":{"line":168,"column":76},"end":{"line":168,"column":80}}],"line":168},"14":{"loc":{"start":{"line":170,"column":2},"end":{"line":178,"column":3}},"type":"if","locations":[{"start":{"line":170,"column":2},"end":{"line":178,"column":3}},{"start":{},"end":{}}],"line":170},"15":{"loc":{"start":{"line":170,"column":6},"end":{"line":170,"column":41}},"type":"binary-expr","locations":[{"start":{"line":170,"column":6},"end":{"line":170,"column":14}},{"start":{"line":170,"column":18},"end":{"line":170,"column":41}}],"line":170},"16":{"loc":{"start":{"line":173,"column":4},"end":{"line":177,"column":5}},"type":"if","locations":[{"start":{"line":173,"column":4},"end":{"line":177,"column":5}},{"start":{"line":175,"column":11},"end":{"line":177,"column":5}}],"line":173}},"s":{"0":1,"1":1,"2":1,"3":1,"4":0,"5":0,"6":0,"7":0,"8":0,"9":1,"10":0,"11":1,"12":0,"13":0,"14":0,"15":0,"16":1,"17":0,"18":0,"19":0,"20":0,"21":0,"22":0,"23":0,"24":0,"25":1,"26":0,"27":0,"28":0,"29":0,"30":0,"31":0,"32":0,"33":0,"34":1,"35":0,"36":0,"37":0,"38":0,"39":0,"40":0,"41":0,"42":0,"43":1,"44":0,"45":1,"46":1,"47":1},"f":{"0":0,"1":0,"2":0,"3":0,"4":0,"5":0,"6":0,"7":0,"8":0,"9":0},"b":{"0":[0,0],"1":[0,0],"2":[0,0],"3":[0,0],"4":[0,0],"5":[0,0],"6":[0,0],"7":[0,0],"8":[0,0],"9":[0,0],"10":[0,0],"11":[0,0],"12":[0,0],"13":[0,0],"14":[0,0],"15":[0,0],"16":[0,0]},"_coverageSchema":"1a1c01bbd47fc00a2c39e90264f33305004495a9","hash":"e29160dd7b14efbb0380a97d698cbbe7e07251c9"}
,"C:\\Users\\Ahmed Khaled\\Desktop\\testing\\Ticketing-system-vol2-\\backend\\models\\WhitelistedIP.js": {"path":"C:\\Users\\Ahmed Khaled\\Desktop\\testing\\Ticketing-system-vol2-\\backend\\models\\WhitelistedIP.js","statementMap":{"0":{"start":{"line":1,"column":17},"end":{"line":1,"column":36}},"1":{"start":{"line":2,"column":55},"end":{"line":2,"column":85}},"2":{"start":{"line":4,"column":28},"end":{"line":36,"column":1}},"3":{"start":{"line":38,"column":0},"end":{"line":38,"column":45}},"4":{"start":{"line":40,"column":0},"end":{"line":40,"column":70}}},"fnMap":{},"branchMap":{},"s":{"0":1,"1":1,"2":1,"3":1,"4":1},"f":{},"b":{},"_coverageSchema":"1a1c01bbd47fc00a2c39e90264f33305004495a9","hash":"48e9f8300a0cd82e0a886d247fbd1e0b17b49c7c"}
,"C:\\Users\\Ahmed Khaled\\Desktop\\testing\\Ticketing-system-vol2-\\backend\\utils\\encryption.js": {"path":"C:\\Users\\Ahmed Khaled\\Desktop\\testing\\Ticketing-system-vol2-\\backend\\utils\\encryption.js","statementMap":{"0":{"start":{"line":1,"column":15},"end":{"line":1,"column":32}},"1":{"start":{"line":3,"column":23},"end":{"line":3,"column":87}},"2":{"start":{"line":6,"column":15},"end":{"line":9,"column":1}},"3":{"start":{"line":7,"column":2},"end":{"line":7,"column":71}},"4":{"start":{"line":7,"column":36},"end":{"line":7,"column":71}},"5":{"start":{"line":8,"column":2},"end":{"line":8,"column":69}},"6":{"start":{"line":10,"column":18},"end":{"line":10,"column":26}},"7":{"start":{"line":13,"column":29},"end":{"line":26,"column":1}},"8":{"start":{"line":14,"column":2},"end":{"line":14,"column":25}},"9":{"start":{"line":14,"column":13},"end":{"line":14,"column":25}},"10":{"start":{"line":17,"column":13},"end":{"line":17,"column":89}},"11":{"start":{"line":19,"column":17},"end":{"line":19,"column":68}},"12":{"start":{"line":20,"column":18},"end":{"line":20,"column":52}},"13":{"start":{"line":21,"column":2},"end":{"line":21,"column":35}},"14":{"start":{"line":22,"column":18},"end":{"line":22,"column":53}},"15":{"start":{"line":25,"column":2},"end":{"line":25,"column":62}},"16":{"start":{"line":28,"column":29},"end":{"line":62,"column":1}},"17":{"start":{"line":29,"column":2},"end":{"line":29,"column":48}},"18":{"start":{"line":29,"column":36},"end":{"line":29,"column":48}},"19":{"start":{"line":31,"column":2},"end":{"line":61,"column":3}},"20":{"start":{"line":32,"column":22},"end":{"line":32,"column":37}},"21":{"start":{"line":36,"column":4},"end":{"line":43,"column":5}},"22":{"start":{"line":37,"column":17},"end":{"line":37,"column":49}},"23":{"start":{"line":38,"column":28},"end":{"line":38,"column":60}},"24":{"start":{"line":39,"column":23},"end":{"line":39,"column":76}},"25":{"start":{"line":40,"column":22},"end":{"line":40,"column":67}},"26":{"start":{"line":41,"column":6},"end":{"line":41,"column":42}},"27":{"start":{"line":42,"column":6},"end":{"line":42,"column":23}},"28":{"start":{"line":46,"column":4},"end":{"line":56,"column":5}},"29":{"start":{"line":47,"column":17},"end":{"line":47,"column":49}},"30":{"start":{"line":48,"column":22},"end":{"line":48,"column":54}},"31":{"start":{"line":49,"column":28},"end":{"line":49,"column":60}},"32":{"start":{"line":51,"column":23},"end":{"line":51,"column":76}},"33":{"start":{"line":52,"column":6},"end":{"line":52,"column":35}},"34":{"start":{"line":53,"column":22},"end":{"line":53,"column":67}},"35":{"start":{"line":54,"column":6},"end":{"line":54,"column":42}},"36":{"start":{"line":55,"column":6},"end":{"line":55,"column":23}},"37":{"start":{"line":58,"column":4},"end":{"line":58,"column":16}},"38":{"start":{"line":60,"column":4},"end":{"line":60,"column":16}},"39":{"start":{"line":65,"column":22},"end":{"line":74,"column":1}},"40":{"start":{"line":66,"column":2},"end":{"line":66,"column":25}},"41":{"start":{"line":66,"column":13},"end":{"line":66,"column":25}},"42":{"start":{"line":67,"column":13},"end":{"line":67,"column":35}},"43":{"start":{"line":68,"column":17},"end":{"line":68,"column":68}},"44":{"start":{"line":69,"column":18},"end":{"line":69,"column":52}},"45":{"start":{"line":70,"column":2},"end":{"line":70,"column":35}},"46":{"start":{"line":71,"column":18},"end":{"line":71,"column":53}},"47":{"start":{"line":73,"column":2},"end":{"line":73,"column":62}},"48":{"start":{"line":76,"column":22},"end":{"line":78,"column":1}},"49":{"start":{"line":77,"column":2},"end":{"line":77,"column":36}},"50":{"start":{"line":80,"column":0},"end":{"line":85,"column":2}}},"fnMap":{"0":{"name":"(anonymous_0)","decl":{"start":{"line":6,"column":15},"end":{"line":6,"column":16}},"loc":{"start":{"line":6,"column":21},"end":{"line":9,"column":1}},"line":6},"1":{"name":"(anonymous_1)","decl":{"start":{"line":13,"column":29},"end":{"line":13,"column":30}},"loc":{"start":{"line":13,"column":39},"end":{"line":26,"column":1}},"line":13},"2":{"name":"(anonymous_2)","decl":{"start":{"line":28,"column":29},"end":{"line":28,"column":30}},"loc":{"start":{"line":28,"column":39},"end":{"line":62,"column":1}},"line":28},"3":{"name":"(anonymous_3)","decl":{"start":{"line":65,"column":22},"end":{"line":65,"column":23}},"loc":{"start":{"line":65,"column":32},"end":{"line":74,"column":1}},"line":65},"4":{"name":"(anonymous_4)","decl":{"start":{"line":76,"column":22},"end":{"line":76,"column":23}},"loc":{"start":{"line":76,"column":32},"end":{"line":78,"column":1}},"line":76}},"branchMap":{"0":{"loc":{"start":{"line":3,"column":23},"end":{"line":3,"column":87}},"type":"binary-expr","locations":[{"start":{"line":3,"column":23},"end":{"line":3,"column":49}},{"start":{"line":3,"column":53},"end":{"line":3,"column":87}}],"line":3},"1":{"loc":{"start":{"line":7,"column":2},"end":{"line":7,"column":71}},"type":"if","locations":[{"start":{"line":7,"column":2},"end":{"line":7,"column":71}},{"start":{},"end":{}}],"line":7},"2":{"loc":{"start":{"line":14,"column":2},"end":{"line":14,"column":25}},"type":"if","locations":[{"start":{"line":14,"column":2},"end":{"line":14,"column":25}},{"start":{},"end":{}}],"line":14},"3":{"loc":{"start":{"line":29,"column":2},"end":{"line":29,"column":48}},"type":"if","locations":[{"start":{"line":29,"column":2},"end":{"line":29,"column":48}},{"start":{},"end":{}}],"line":29},"4":{"loc":{"start":{"line":29,"column":6},"end":{"line":29,"column":34}},"type":"binary-expr","locations":[{"start":{"line":29,"column":6},"end":{"line":29,"column":11}},{"start":{"line":29,"column":15},"end":{"line":29,"column":34}}],"line":29},"5":{"loc":{"start":{"line":36,"column":4},"end":{"line":43,"column":5}},"type":"if","locations":[{"start":{"line":36,"column":4},"end":{"line":43,"column":5}},{"start":{},"end":{}}],"line":36},"6":{"loc":{"start":{"line":46,"column":4},"end":{"line":56,"column":5}},"type":"if","locations":[{"start":{"line":46,"column":4},"end":{"line":56,"column":5}},{"start":{},"end":{}}],"line":46},"7":{"loc":{"start":{"line":66,"column":2},"end":{"line":66,"column":25}},"type":"if","locations":[{"start":{"line":66,"column":2},"end":{"line":66,"column":25}},{"start":{},"end":{}}],"line":66}},"s":{"0":3,"1":3,"2":3,"3":3,"4":3,"5":0,"6":3,"7":3,"8":0,"9":0,"10":0,"11":0,"12":0,"13":0,"14":0,"15":0,"16":3,"17":0,"18":0,"19":0,"20":0,"21":0,"22":0,"23":0,"24":0,"25":0,"26":0,"27":0,"28":0,"29":0,"30":0,"31":0,"32":0,"33":0,"34":0,"35":0,"36":0,"37":0,"38":0,"39":3,"40":0,"41":0,"42":0,"43":0,"44":0,"45":0,"46":0,"47":0,"48":3,"49":0,"50":3},"f":{"0":3,"1":0,"2":0,"3":0,"4":0},"b":{"0":[3,3],"1":[3,0],"2":[0,0],"3":[0,0],"4":[0,0],"5":[0,0],"6":[0,0],"7":[0,0]},"_coverageSchema":"1a1c01bbd47fc00a2c39e90264f33305004495a9","hash":"34f518d5d4e82b94f1909fc93094338cbd2ba9bd"}
,"C:\\Users\\Ahmed Khaled\\Desktop\\testing\\Ticketing-system-vol2-\\backend\\utils\\grcService.js": {"path":"C:\\Users\\Ahmed Khaled\\Desktop\\testing\\Ticketing-system-vol2-\\backend\\utils\\grcService.js","statementMap":{"0":{"start":{"line":1,"column":22},"end":{"line":1,"column":46}},"1":{"start":{"line":2,"column":13},"end":{"line":2,"column":28}},"2":{"start":{"line":4,"column":17},"end":{"line":4,"column":21}},"3":{"start":{"line":5,"column":17},"end":{"line":5,"column":22}},"4":{"start":{"line":6,"column":20},"end":{"line":6,"column":24}},"5":{"start":{"line":8,"column":14},"end":{"line":10,"column":1}},"6":{"start":{"line":9,"column":2},"end":{"line":9,"column":18}},"7":{"start":{"line":12,"column":13},"end":{"line":12,"column":38}},"8":{"start":{"line":13,"column":13},"end":{"line":13,"column":38}},"9":{"start":{"line":14,"column":22},"end":{"line":14,"column":56}},"10":{"start":{"line":15,"column":15},"end":{"line":15,"column":42}},"11":{"start":{"line":16,"column":33},"end":{"line":16,"column":56}},"12":{"start":{"line":18,"column":20},"end":{"line":26,"column":1}},"13":{"start":{"line":19,"column":2},"end":{"line":19,"column":53}},"14":{"start":{"line":19,"column":41},"end":{"line":19,"column":53}},"15":{"start":{"line":21,"column":19},"end":{"line":21,"column":63}},"16":{"start":{"line":22,"column":2},"end":{"line":25,"column":5}},"17":{"start":{"line":23,"column":22},"end":{"line":23,"column":49}},"18":{"start":{"line":24,"column":4},"end":{"line":24,"column":51}},"19":{"start":{"line":31,"column":29},"end":{"line":153,"column":1}},"20":{"start":{"line":32,"column":2},"end":{"line":152,"column":3}},"21":{"start":{"line":33,"column":31},"end":{"line":33,"column":73}},"22":{"start":{"line":36,"column":36},"end":{"line":43,"column":5}},"23":{"start":{"line":46,"column":29},"end":{"line":84,"column":6}},"24":{"start":{"line":51,"column":81},"end":{"line":51,"column":94}},"25":{"start":{"line":86,"column":4},"end":{"line":147,"column":5}},"26":{"start":{"line":87,"column":21},"end":{"line":87,"column":56}},"27":{"start":{"line":88,"column":6},"end":{"line":88,"column":39}},"28":{"start":{"line":89,"column":6},"end":{"line":89,"column":128}},"29":{"start":{"line":89,"column":119},"end":{"line":89,"column":128}},"30":{"start":{"line":91,"column":24},"end":{"line":91,"column":77}},"31":{"start":{"line":92,"column":6},"end":{"line":146,"column":7}},"32":{"start":{"line":93,"column":27},"end":{"line":93,"column":53}},"33":{"start":{"line":94,"column":30},"end":{"line":94,"column":119}},"34":{"start":{"line":96,"column":26},"end":{"line":96,"column":36}},"35":{"start":{"line":97,"column":30},"end":{"line":97,"column":35}},"36":{"start":{"line":98,"column":31},"end":{"line":98,"column":35}},"37":{"start":{"line":100,"column":8},"end":{"line":113,"column":9}},"38":{"start":{"line":101,"column":29},"end":{"line":101,"column":45}},"39":{"start":{"line":102,"column":10},"end":{"line":110,"column":11}},"40":{"start":{"line":103,"column":12},"end":{"line":106,"column":13}},"41":{"start":{"line":104,"column":14},"end":{"line":104,"column":37}},"42":{"start":{"line":105,"column":14},"end":{"line":105,"column":69}},"43":{"start":{"line":108,"column":12},"end":{"line":108,"column":42}},"44":{"start":{"line":109,"column":12},"end":{"line":109,"column":40}},"45":{"start":{"line":112,"column":10},"end":{"line":112,"column":33}},"46":{"start":{"line":115,"column":27},"end":{"line":115,"column":29}},"47":{"start":{"line":116,"column":8},"end":{"line":118,"column":121}},"48":{"start":{"line":116,"column":38},"end":{"line":116,"column":96}},"49":{"start":{"line":117,"column":13},"end":{"line":118,"column":121}},"50":{"start":{"line":117,"column":44},"end":{"line":117,"column":134}},"51":{"start":{"line":118,"column":13},"end":{"line":118,"column":121}},"52":{"start":{"line":118,"column":41},"end":{"line":118,"column":121}},"53":{"start":{"line":120,"column":32},"end":{"line":120,"column":127}},"54":{"start":{"line":122,"column":8},"end":{"line":140,"column":9}},"55":{"start":{"line":123,"column":10},"end":{"line":137,"column":13}},"56":{"start":{"line":138,"column":15},"end":{"line":140,"column":9}},"57":{"start":{"line":139,"column":10},"end":{"line":139,"column":96}},"58":{"start":{"line":142,"column":28},"end":{"line":142,"column":74}},"59":{"start":{"line":143,"column":8},"end":{"line":145,"column":9}},"60":{"start":{"line":143,"column":51},"end":{"line":143,"column":71}},"61":{"start":{"line":144,"column":10},"end":{"line":144,"column":44}},"62":{"start":{"line":148,"column":4},"end":{"line":148,"column":24}},"63":{"start":{"line":150,"column":4},"end":{"line":150,"column":72}},"64":{"start":{"line":151,"column":4},"end":{"line":151,"column":24}},"65":{"start":{"line":159,"column":31},"end":{"line":261,"column":1}},"66":{"start":{"line":160,"column":2},"end":{"line":260,"column":3}},"67":{"start":{"line":161,"column":4},"end":{"line":161,"column":39}},"68":{"start":{"line":161,"column":21},"end":{"line":161,"column":39}},"69":{"start":{"line":164,"column":4},"end":{"line":164,"column":90}},"70":{"start":{"line":167,"column":27},"end":{"line":167,"column":82}},"71":{"start":{"line":168,"column":24},"end":{"line":168,"column":61}},"72":{"start":{"line":170,"column":4},"end":{"line":174,"column":5}},"73":{"start":{"line":171,"column":6},"end":{"line":173,"column":7}},"74":{"start":{"line":171,"column":33},"end":{"line":171,"column":53}},"75":{"start":{"line":172,"column":8},"end":{"line":172,"column":35}},"76":{"start":{"line":177,"column":23},"end":{"line":177,"column":49}},"77":{"start":{"line":177,"column":44},"end":{"line":177,"column":48}},"78":{"start":{"line":178,"column":20},"end":{"line":178,"column":71}},"79":{"start":{"line":179,"column":22},"end":{"line":179,"column":58}},"80":{"start":{"line":179,"column":47},"end":{"line":179,"column":56}},"81":{"start":{"line":181,"column":24},"end":{"line":194,"column":6}},"82":{"start":{"line":182,"column":23},"end":{"line":182,"column":42}},"83":{"start":{"line":183,"column":6},"end":{"line":192,"column":7}},"84":{"start":{"line":184,"column":8},"end":{"line":191,"column":10}},"85":{"start":{"line":193,"column":6},"end":{"line":193,"column":15}},"86":{"start":{"line":197,"column":24},"end":{"line":197,"column":26}},"87":{"start":{"line":198,"column":20},"end":{"line":198,"column":29}},"88":{"start":{"line":199,"column":4},"end":{"line":218,"column":5}},"89":{"start":{"line":200,"column":6},"end":{"line":217,"column":7}},"90":{"start":{"line":201,"column":8},"end":{"line":201,"column":79}},"91":{"start":{"line":201,"column":30},"end":{"line":201,"column":79}},"92":{"start":{"line":202,"column":8},"end":{"line":202,"column":61}},"93":{"start":{"line":202,"column":24},"end":{"line":202,"column":61}},"94":{"start":{"line":203,"column":8},"end":{"line":212,"column":9}},"95":{"start":{"line":204,"column":10},"end":{"line":211,"column":14}},"96":{"start":{"line":204,"column":66},"end":{"line":211,"column":11}},"97":{"start":{"line":209,"column":57},"end":{"line":209,"column":104}},"98":{"start":{"line":213,"column":8},"end":{"line":213,"column":46}},"99":{"start":{"line":215,"column":8},"end":{"line":215,"column":31}},"100":{"start":{"line":216,"column":8},"end":{"line":216,"column":29}},"101":{"start":{"line":221,"column":23},"end":{"line":227,"column":5}},"102":{"start":{"line":229,"column":4},"end":{"line":249,"column":5}},"103":{"start":{"line":230,"column":6},"end":{"line":230,"column":47}},"104":{"start":{"line":230,"column":38},"end":{"line":230,"column":47}},"105":{"start":{"line":232,"column":18},"end":{"line":232,"column":53}},"106":{"start":{"line":233,"column":19},"end":{"line":233,"column":23}},"107":{"start":{"line":234,"column":6},"end":{"line":238,"column":119}},"108":{"start":{"line":234,"column":35},"end":{"line":234,"column":69}},"109":{"start":{"line":235,"column":11},"end":{"line":238,"column":119}},"110":{"start":{"line":235,"column":64},"end":{"line":235,"column":98}},"111":{"start":{"line":236,"column":11},"end":{"line":238,"column":119}},"112":{"start":{"line":236,"column":64},"end":{"line":236,"column":100}},"113":{"start":{"line":237,"column":11},"end":{"line":238,"column":119}},"114":{"start":{"line":237,"column":115},"end":{"line":237,"column":149}},"115":{"start":{"line":238,"column":11},"end":{"line":238,"column":119}},"116":{"start":{"line":238,"column":86},"end":{"line":238,"column":119}},"117":{"start":{"line":240,"column":6},"end":{"line":248,"column":7}},"118":{"start":{"line":241,"column":8},"end":{"line":241,"column":26}},"119":{"start":{"line":242,"column":22},"end":{"line":242,"column":65}},"120":{"start":{"line":243,"column":8},"end":{"line":243,"column":30}},"121":{"start":{"line":244,"column":8},"end":{"line":246,"column":79}},"122":{"start":{"line":244,"column":25},"end":{"line":244,"column":51}},"123":{"start":{"line":245,"column":13},"end":{"line":246,"column":79}},"124":{"start":{"line":245,"column":61},"end":{"line":245,"column":83}},"125":{"start":{"line":246,"column":13},"end":{"line":246,"column":79}},"126":{"start":{"line":246,"column":55},"end":{"line":246,"column":79}},"127":{"start":{"line":247,"column":8},"end":{"line":247,"column":118}},"128":{"start":{"line":251,"column":4},"end":{"line":256,"column":6}},"129":{"start":{"line":258,"column":4},"end":{"line":258,"column":62}},"130":{"start":{"line":259,"column":4},"end":{"line":259,"column":22}},"131":{"start":{"line":266,"column":26},"end":{"line":315,"column":1}},"132":{"start":{"line":267,"column":2},"end":{"line":267,"column":25}},"133":{"start":{"line":267,"column":18},"end":{"line":267,"column":25}},"134":{"start":{"line":268,"column":2},"end":{"line":268,"column":20}},"135":{"start":{"line":270,"column":2},"end":{"line":314,"column":5}},"136":{"start":{"line":271,"column":26},"end":{"line":271,"column":77}},"137":{"start":{"line":272,"column":23},"end":{"line":272,"column":66}},"138":{"start":{"line":274,"column":4},"end":{"line":274,"column":70}},"139":{"start":{"line":276,"column":18},"end":{"line":276,"column":76}},"140":{"start":{"line":278,"column":21},"end":{"line":278,"column":23}},"141":{"start":{"line":279,"column":21},"end":{"line":279,"column":23}},"142":{"start":{"line":281,"column":4},"end":{"line":283,"column":7}},"143":{"start":{"line":282,"column":6},"end":{"line":282,"column":36}},"144":{"start":{"line":285,"column":4},"end":{"line":287,"column":7}},"145":{"start":{"line":286,"column":6},"end":{"line":286,"column":36}},"146":{"start":{"line":289,"column":4},"end":{"line":313,"column":7}},"147":{"start":{"line":290,"column":6},"end":{"line":290,"column":25}},"148":{"start":{"line":291,"column":6},"end":{"line":294,"column":7}},"149":{"start":{"line":292,"column":8},"end":{"line":292,"column":90}},"150":{"start":{"line":293,"column":8},"end":{"line":293,"column":29}},"151":{"start":{"line":296,"column":6},"end":{"line":312,"column":7}},"152":{"start":{"line":297,"column":24},"end":{"line":297,"column":46}},"153":{"start":{"line":300,"column":27},"end":{"line":300,"column":64}},"154":{"start":{"line":302,"column":8},"end":{"line":307,"column":9}},"155":{"start":{"line":303,"column":10},"end":{"line":303,"column":90}},"156":{"start":{"line":304,"column":10},"end":{"line":304,"column":55}},"157":{"start":{"line":306,"column":10},"end":{"line":306,"column":41}},"158":{"start":{"line":308,"column":8},"end":{"line":308,"column":28}},"159":{"start":{"line":310,"column":8},"end":{"line":310,"column":70}},"160":{"start":{"line":311,"column":8},"end":{"line":311,"column":22}},"161":{"start":{"line":320,"column":25},"end":{"line":332,"column":1}},"162":{"start":{"line":324,"column":2},"end":{"line":324,"column":46}},"163":{"start":{"line":324,"column":39},"end":{"line":324,"column":46}},"164":{"start":{"line":326,"column":2},"end":{"line":326,"column":49}},"165":{"start":{"line":326,"column":21},"end":{"line":326,"column":49}},"166":{"start":{"line":329,"column":2},"end":{"line":331,"column":11}},"167":{"start":{"line":330,"column":4},"end":{"line":330,"column":24}},"168":{"start":{"line":334,"column":0},"end":{"line":339,"column":2}}},"fnMap":{"0":{"name":"(anonymous_0)","decl":{"start":{"line":8,"column":14},"end":{"line":8,"column":15}},"loc":{"start":{"line":8,"column":22},"end":{"line":10,"column":1}},"line":8},"1":{"name":"(anonymous_1)","decl":{"start":{"line":18,"column":20},"end":{"line":18,"column":21}},"loc":{"start":{"line":18,"column":30},"end":{"line":26,"column":1}},"line":18},"2":{"name":"(anonymous_2)","decl":{"start":{"line":22,"column":32},"end":{"line":22,"column":33}},"loc":{"start":{"line":22,"column":43},"end":{"line":25,"column":3}},"line":22},"3":{"name":"(anonymous_3)","decl":{"start":{"line":31,"column":29},"end":{"line":31,"column":30}},"loc":{"start":{"line":31,"column":58},"end":{"line":153,"column":1}},"line":31},"4":{"name":"(anonymous_4)","decl":{"start":{"line":51,"column":76},"end":{"line":51,"column":77}},"loc":{"start":{"line":51,"column":81},"end":{"line":51,"column":94}},"line":51},"5":{"name":"(anonymous_5)","decl":{"start":{"line":143,"column":46},"end":{"line":143,"column":47}},"loc":{"start":{"line":143,"column":51},"end":{"line":143,"column":71}},"line":143},"6":{"name":"(anonymous_6)","decl":{"start":{"line":159,"column":31},"end":{"line":159,"column":32}},"loc":{"start":{"line":159,"column":53},"end":{"line":261,"column":1}},"line":159},"7":{"name":"(anonymous_7)","decl":{"start":{"line":171,"column":28},"end":{"line":171,"column":29}},"loc":{"start":{"line":171,"column":33},"end":{"line":171,"column":53}},"line":171},"8":{"name":"(anonymous_8)","decl":{"start":{"line":177,"column":39},"end":{"line":177,"column":40}},"loc":{"start":{"line":177,"column":44},"end":{"line":177,"column":48}},"line":177},"9":{"name":"(anonymous_9)","decl":{"start":{"line":179,"column":42},"end":{"line":179,"column":43}},"loc":{"start":{"line":179,"column":47},"end":{"line":179,"column":56}},"line":179},"10":{"name":"(anonymous_10)","decl":{"start":{"line":181,"column":40},"end":{"line":181,"column":41}},"loc":{"start":{"line":181,"column":45},"end":{"line":194,"column":5}},"line":181},"11":{"name":"(anonymous_11)","decl":{"start":{"line":204,"column":58},"end":{"line":204,"column":59}},"loc":{"start":{"line":204,"column":66},"end":{"line":211,"column":11}},"line":204},"12":{"name":"(anonymous_12)","decl":{"start":{"line":209,"column":45},"end":{"line":209,"column":46}},"loc":{"start":{"line":209,"column":57},"end":{"line":209,"column":104}},"line":209},"13":{"name":"(anonymous_13)","decl":{"start":{"line":266,"column":26},"end":{"line":266,"column":27}},"loc":{"start":{"line":266,"column":38},"end":{"line":315,"column":1}},"line":266},"14":{"name":"(anonymous_14)","decl":{"start":{"line":270,"column":21},"end":{"line":270,"column":22}},"loc":{"start":{"line":270,"column":34},"end":{"line":314,"column":3}},"line":270},"15":{"name":"(anonymous_15)","decl":{"start":{"line":281,"column":28},"end":{"line":281,"column":29}},"loc":{"start":{"line":281,"column":38},"end":{"line":283,"column":5}},"line":281},"16":{"name":"(anonymous_16)","decl":{"start":{"line":285,"column":28},"end":{"line":285,"column":29}},"loc":{"start":{"line":285,"column":38},"end":{"line":287,"column":5}},"line":285},"17":{"name":"(anonymous_17)","decl":{"start":{"line":289,"column":22},"end":{"line":289,"column":23}},"loc":{"start":{"line":289,"column":38},"end":{"line":313,"column":5}},"line":289},"18":{"name":"(anonymous_18)","decl":{"start":{"line":320,"column":25},"end":{"line":320,"column":26}},"loc":{"start":{"line":320,"column":31},"end":{"line":332,"column":1}},"line":320},"19":{"name":"(anonymous_19)","decl":{"start":{"line":329,"column":29},"end":{"line":329,"column":30}},"loc":{"start":{"line":329,"column":35},"end":{"line":331,"column":3}},"line":329}},"branchMap":{"0":{"loc":{"start":{"line":19,"column":2},"end":{"line":19,"column":53}},"type":"if","locations":[{"start":{"line":19,"column":2},"end":{"line":19,"column":53}},{"start":{},"end":{}}],"line":19},"1":{"loc":{"start":{"line":19,"column":6},"end":{"line":19,"column":39}},"type":"binary-expr","locations":[{"start":{"line":19,"column":6},"end":{"line":19,"column":11}},{"start":{"line":19,"column":15},"end":{"line":19,"column":39}}],"line":19},"2":{"loc":{"start":{"line":24,"column":11},"end":{"line":24,"column":50}},"type":"cond-expr","locations":[{"start":{"line":24,"column":33},"end":{"line":24,"column":42}},{"start":{"line":24,"column":45},"end":{"line":24,"column":50}}],"line":24},"3":{"loc":{"start":{"line":31,"column":36},"end":{"line":31,"column":53}},"type":"default-arg","locations":[{"start":{"line":31,"column":51},"end":{"line":31,"column":53}}],"line":31},"4":{"loc":{"start":{"line":87,"column":22},"end":{"line":87,"column":37}},"type":"binary-expr","locations":[{"start":{"line":87,"column":22},"end":{"line":87,"column":31}},{"start":{"line":87,"column":35},"end":{"line":87,"column":37}}],"line":87},"5":{"loc":{"start":{"line":89,"column":6},"end":{"line":89,"column":128}},"type":"if","locations":[{"start":{"line":89,"column":6},"end":{"line":89,"column":128}},{"start":{},"end":{}}],"line":89},"6":{"loc":{"start":{"line":89,"column":10},"end":{"line":89,"column":117}},"type":"binary-expr","locations":[{"start":{"line":89,"column":10},"end":{"line":89,"column":19}},{"start":{"line":89,"column":23},"end":{"line":89,"column":39}},{"start":{"line":89,"column":43},"end":{"line":89,"column":65}},{"start":{"line":89,"column":69},"end":{"line":89,"column":117}}],"line":89},"7":{"loc":{"start":{"line":92,"column":6},"end":{"line":146,"column":7}},"type":"if","locations":[{"start":{"line":92,"column":6},"end":{"line":146,"column":7}},{"start":{},"end":{}}],"line":92},"8":{"loc":{"start":{"line":100,"column":8},"end":{"line":113,"column":9}},"type":"if","locations":[{"start":{"line":100,"column":8},"end":{"line":113,"column":9}},{"start":{"line":111,"column":15},"end":{"line":113,"column":9}}],"line":100},"9":{"loc":{"start":{"line":102,"column":10},"end":{"line":110,"column":11}},"type":"if","locations":[{"start":{"line":102,"column":10},"end":{"line":110,"column":11}},{"start":{"line":107,"column":17},"end":{"line":110,"column":11}}],"line":102},"10":{"loc":{"start":{"line":103,"column":12},"end":{"line":106,"column":13}},"type":"if","locations":[{"start":{"line":103,"column":12},"end":{"line":106,"column":13}},{"start":{},"end":{}}],"line":103},"11":{"loc":{"start":{"line":103,"column":16},"end":{"line":103,"column":103}},"type":"binary-expr","locations":[{"start":{"line":103,"column":16},"end":{"line":103,"column":37}},{"start":{"line":103,"column":41},"end":{"line":103,"column":103}}],"line":103},"12":{"loc":{"start":{"line":116,"column":8},"end":{"line":118,"column":121}},"type":"if","locations":[{"start":{"line":116,"column":8},"end":{"line":118,"column":121}},{"start":{"line":117,"column":13},"end":{"line":118,"column":121}}],"line":116},"13":{"loc":{"start":{"line":117,"column":13},"end":{"line":118,"column":121}},"type":"if","locations":[{"start":{"line":117,"column":13},"end":{"line":118,"column":121}},{"start":{"line":118,"column":13},"end":{"line":118,"column":121}}],"line":117},"14":{"loc":{"start":{"line":118,"column":13},"end":{"line":118,"column":121}},"type":"if","locations":[{"start":{"line":118,"column":13},"end":{"line":118,"column":121}},{"start":{},"end":{}}],"line":118},"15":{"loc":{"start":{"line":122,"column":8},"end":{"line":140,"column":9}},"type":"if","locations":[{"start":{"line":122,"column":8},"end":{"line":140,"column":9}},{"start":{"line":138,"column":15},"end":{"line":140,"column":9}}],"line":122},"16":{"loc":{"start":{"line":138,"column":15},"end":{"line":140,"column":9}},"type":"if","locations":[{"start":{"line":138,"column":15},"end":{"line":140,"column":9}},{"start":{},"end":{}}],"line":138},"17":{"loc":{"start":{"line":143,"column":8},"end":{"line":145,"column":9}},"type":"if","locations":[{"start":{"line":143,"column":8},"end":{"line":145,"column":9}},{"start":{},"end":{}}],"line":143},"18":{"loc":{"start":{"line":143,"column":12},"end":{"line":143,"column":72}},"type":"binary-expr","locations":[{"start":{"line":143,"column":12},"end":{"line":143,"column":23}},{"start":{"line":143,"column":27},"end":{"line":143,"column":72}}],"line":143},"19":{"loc":{"start":{"line":161,"column":4},"end":{"line":161,"column":39}},"type":"if","locations":[{"start":{"line":161,"column":4},"end":{"line":161,"column":39}},{"start":{},"end":{}}],"line":161},"20":{"loc":{"start":{"line":164,"column":58},"end":{"line":164,"column":88}},"type":"binary-expr","locations":[{"start":{"line":164,"column":58},"end":{"line":164,"column":82}},{"start":{"line":164,"column":86},"end":{"line":164,"column":88}}],"line":164},"21":{"loc":{"start":{"line":168,"column":29},"end":{"line":168,"column":59}},"type":"binary-expr","locations":[{"start":{"line":168,"column":29},"end":{"line":168,"column":53}},{"start":{"line":168,"column":57},"end":{"line":168,"column":59}}],"line":168},"22":{"loc":{"start":{"line":171,"column":6},"end":{"line":173,"column":7}},"type":"if","locations":[{"start":{"line":171,"column":6},"end":{"line":173,"column":7}},{"start":{},"end":{}}],"line":171},"23":{"loc":{"start":{"line":183,"column":6},"end":{"line":192,"column":7}},"type":"if","locations":[{"start":{"line":183,"column":6},"end":{"line":192,"column":7}},{"start":{},"end":{}}],"line":183},"24":{"loc":{"start":{"line":200,"column":6},"end":{"line":217,"column":7}},"type":"if","locations":[{"start":{"line":200,"column":6},"end":{"line":217,"column":7}},{"start":{},"end":{}}],"line":200},"25":{"loc":{"start":{"line":201,"column":8},"end":{"line":201,"column":79}},"type":"if","locations":[{"start":{"line":201,"column":8},"end":{"line":201,"column":79}},{"start":{},"end":{}}],"line":201},"26":{"loc":{"start":{"line":202,"column":8},"end":{"line":202,"column":61}},"type":"if","locations":[{"start":{"line":202,"column":8},"end":{"line":202,"column":61}},{"start":{},"end":{}}],"line":202},"27":{"loc":{"start":{"line":203,"column":8},"end":{"line":212,"column":9}},"type":"if","locations":[{"start":{"line":203,"column":8},"end":{"line":212,"column":9}},{"start":{},"end":{}}],"line":203},"28":{"loc":{"start":{"line":208,"column":20},"end":{"line":210,"column":26}},"type":"cond-expr","locations":[{"start":{"line":208,"column":33},"end":{"line":210,"column":13}},{"start":{"line":210,"column":16},"end":{"line":210,"column":26}}],"line":208},"29":{"loc":{"start":{"line":209,"column":61},"end":{"line":209,"column":103}},"type":"cond-expr","locations":[{"start":{"line":209,"column":85},"end":{"line":209,"column":99}},{"start":{"line":209,"column":102},"end":{"line":209,"column":103}}],"line":209},"30":{"loc":{"start":{"line":230,"column":6},"end":{"line":230,"column":47}},"type":"if","locations":[{"start":{"line":230,"column":6},"end":{"line":230,"column":47}},{"start":{},"end":{}}],"line":230},"31":{"loc":{"start":{"line":232,"column":19},"end":{"line":232,"column":38}},"type":"binary-expr","locations":[{"start":{"line":232,"column":19},"end":{"line":232,"column":32}},{"start":{"line":232,"column":36},"end":{"line":232,"column":38}}],"line":232},"32":{"loc":{"start":{"line":234,"column":6},"end":{"line":238,"column":119}},"type":"if","locations":[{"start":{"line":234,"column":6},"end":{"line":238,"column":119}},{"start":{"line":235,"column":11},"end":{"line":238,"column":119}}],"line":234},"33":{"loc":{"start":{"line":235,"column":11},"end":{"line":238,"column":119}},"type":"if","locations":[{"start":{"line":235,"column":11},"end":{"line":238,"column":119}},{"start":{"line":236,"column":11},"end":{"line":238,"column":119}}],"line":235},"34":{"loc":{"start":{"line":235,"column":15},"end":{"line":235,"column":62}},"type":"binary-expr","locations":[{"start":{"line":235,"column":15},"end":{"line":235,"column":38}},{"start":{"line":235,"column":42},"end":{"line":235,"column":62}}],"line":235},"35":{"loc":{"start":{"line":236,"column":11},"end":{"line":238,"column":119}},"type":"if","locations":[{"start":{"line":236,"column":11},"end":{"line":238,"column":119}},{"start":{"line":237,"column":11},"end":{"line":238,"column":119}}],"line":236},"36":{"loc":{"start":{"line":236,"column":15},"end":{"line":236,"column":62}},"type":"binary-expr","locations":[{"start":{"line":236,"column":15},"end":{"line":236,"column":40}},{"start":{"line":236,"column":44},"end":{"line":236,"column":62}}],"line":236},"37":{"loc":{"start":{"line":237,"column":11},"end":{"line":238,"column":119}},"type":"if","locations":[{"start":{"line":237,"column":11},"end":{"line":238,"column":119}},{"start":{"line":238,"column":11},"end":{"line":238,"column":119}}],"line":237},"38":{"loc":{"start":{"line":237,"column":15},"end":{"line":237,"column":113}},"type":"binary-expr","locations":[{"start":{"line":237,"column":15},"end":{"line":237,"column":38}},{"start":{"line":237,"column":42},"end":{"line":237,"column":62}},{"start":{"line":237,"column":66},"end":{"line":237,"column":89}},{"start":{"line":237,"column":93},"end":{"line":237,"column":113}}],"line":237},"39":{"loc":{"start":{"line":238,"column":11},"end":{"line":238,"column":119}},"type":"if","locations":[{"start":{"line":238,"column":11},"end":{"line":238,"column":119}},{"start":{},"end":{}}],"line":238},"40":{"loc":{"start":{"line":238,"column":15},"end":{"line":238,"column":84}},"type":"binary-expr","locations":[{"start":{"line":238,"column":15},"end":{"line":238,"column":37}},{"start":{"line":238,"column":41},"end":{"line":238,"column":61}},{"start":{"line":238,"column":65},"end":{"line":238,"column":84}}],"line":238},"41":{"loc":{"start":{"line":240,"column":6},"end":{"line":248,"column":7}},"type":"if","locations":[{"start":{"line":240,"column":6},"end":{"line":248,"column":7}},{"start":{},"end":{}}],"line":240},"42":{"loc":{"start":{"line":242,"column":23},"end":{"line":242,"column":43}},"type":"binary-expr","locations":[{"start":{"line":242,"column":23},"end":{"line":242,"column":38}},{"start":{"line":242,"column":42},"end":{"line":242,"column":43}}],"line":242},"43":{"loc":{"start":{"line":242,"column":48},"end":{"line":242,"column":64}},"type":"binary-expr","locations":[{"start":{"line":242,"column":48},"end":{"line":242,"column":59}},{"start":{"line":242,"column":63},"end":{"line":242,"column":64}}],"line":242},"44":{"loc":{"start":{"line":244,"column":8},"end":{"line":246,"column":79}},"type":"if","locations":[{"start":{"line":244,"column":8},"end":{"line":246,"column":79}},{"start":{"line":245,"column":13},"end":{"line":246,"column":79}}],"line":244},"45":{"loc":{"start":{"line":245,"column":13},"end":{"line":246,"column":79}},"type":"if","locations":[{"start":{"line":245,"column":13},"end":{"line":246,"column":79}},{"start":{"line":246,"column":13},"end":{"line":246,"column":79}}],"line":245},"46":{"loc":{"start":{"line":245,"column":17},"end":{"line":245,"column":59}},"type":"binary-expr","locations":[{"start":{"line":245,"column":17},"end":{"line":245,"column":28}},{"start":{"line":245,"column":32},"end":{"line":245,"column":59}}],"line":245},"47":{"loc":{"start":{"line":246,"column":13},"end":{"line":246,"column":79}},"type":"if","locations":[{"start":{"line":246,"column":13},"end":{"line":246,"column":79}},{"start":{},"end":{}}],"line":246},"48":{"loc":{"start":{"line":246,"column":17},"end":{"line":246,"column":53}},"type":"binary-expr","locations":[{"start":{"line":246,"column":17},"end":{"line":246,"column":27}},{"start":{"line":246,"column":31},"end":{"line":246,"column":53}}],"line":246},"49":{"loc":{"start":{"line":247,"column":24},"end":{"line":247,"column":117}},"type":"cond-expr","locations":[{"start":{"line":247,"column":44},"end":{"line":247,"column":104}},{"start":{"line":247,"column":108},"end":{"line":247,"column":117}}],"line":247},"50":{"loc":{"start":{"line":247,"column":44},"end":{"line":247,"column":104}},"type":"cond-expr","locations":[{"start":{"line":247,"column":74},"end":{"line":247,"column":92}},{"start":{"line":247,"column":95},"end":{"line":247,"column":104}}],"line":247},"51":{"loc":{"start":{"line":267,"column":2},"end":{"line":267,"column":25}},"type":"if","locations":[{"start":{"line":267,"column":2},"end":{"line":267,"column":25}},{"start":{},"end":{}}],"line":267},"52":{"loc":{"start":{"line":271,"column":26},"end":{"line":271,"column":77}},"type":"cond-expr","locations":[{"start":{"line":271,"column":57},"end":{"line":271,"column":65}},{"start":{"line":271,"column":68},"end":{"line":271,"column":77}}],"line":271},"53":{"loc":{"start":{"line":291,"column":6},"end":{"line":294,"column":7}},"type":"if","locations":[{"start":{"line":291,"column":6},"end":{"line":294,"column":7}},{"start":{},"end":{}}],"line":291},"54":{"loc":{"start":{"line":292,"column":55},"end":{"line":292,"column":88}},"type":"binary-expr","locations":[{"start":{"line":292,"column":55},"end":{"line":292,"column":65}},{"start":{"line":292,"column":69},"end":{"line":292,"column":88}}],"line":292},"55":{"loc":{"start":{"line":302,"column":8},"end":{"line":307,"column":9}},"type":"if","locations":[{"start":{"line":302,"column":8},"end":{"line":307,"column":9}},{"start":{},"end":{}}],"line":302},"56":{"loc":{"start":{"line":324,"column":2},"end":{"line":324,"column":46}},"type":"if","locations":[{"start":{"line":324,"column":2},"end":{"line":324,"column":46}},{"start":{},"end":{}}],"line":324},"57":{"loc":{"start":{"line":326,"column":2},"end":{"line":326,"column":49}},"type":"if","locations":[{"start":{"line":326,"column":2},"end":{"line":326,"column":49}},{"start":{},"end":{}}],"line":326}},"s":{"0":1,"1":1,"2":1,"3":1,"4":1,"5":1,"6":0,"7":1,"8":1,"9":1,"10":1,"11":1,"12":1,"13":0,"14":0,"15":0,"16":0,"17":0,"18":0,"19":1,"20":0,"21":0,"22":0,"23":0,"24":0,"25":0,"26":0,"27":0,"28":0,"29":0,"30":0,"31":0,"32":0,"33":0,"34":0,"35":0,"36":0,"37":0,"38":0,"39":0,"40":0,"41":0,"42":0,"43":0,"44":0,"45":0,"46":0,"47":0,"48":0,"49":0,"50":0,"51":0,"52":0,"53":0,"54":0,"55":0,"56":0,"57":0,"58":0,"59":0,"60":0,"61":0,"62":0,"63":0,"64":0,"65":1,"66":0,"67":0,"68":0,"69":0,"70":0,"71":0,"72":0,"73":0,"74":0,"75":0,"76":0,"77":0,"78":0,"79":0,"80":0,"81":0,"82":0,"83":0,"84":0,"85":0,"86":0,"87":0,"88":0,"89":0,"90":0,"91":0,"92":0,"93":0,"94":0,"95":0,"96":0,"97":0,"98":0,"99":0,"100":0,"101":0,"102":0,"103":0,"104":0,"105":0,"106":0,"107":0,"108":0,"109":0,"110":0,"111":0,"112":0,"113":0,"114":0,"115":0,"116":0,"117":0,"118":0,"119":0,"120":0,"121":0,"122":0,"123":0,"124":0,"125":0,"126":0,"127":0,"128":0,"129":0,"130":0,"131":1,"132":0,"133":0,"134":0,"135":0,"136":0,"137":0,"138":0,"139":0,"140":0,"141":0,"142":0,"143":0,"144":0,"145":0,"146":0,"147":0,"148":0,"149":0,"150":0,"151":0,"152":0,"153":0,"154":0,"155":0,"156":0,"157":0,"158":0,"159":0,"160":0,"161":1,"162":0,"163":0,"164":0,"165":0,"166":0,"167":0,"168":1},"f":{"0":0,"1":0,"2":0,"3":0,"4":0,"5":0,"6":0,"7":0,"8":0,"9":0,"10":0,"11":0,"12":0,"13":0,"14":0,"15":0,"16":0,"17":0,"18":0,"19":0},"b":{"0":[0,0],"1":[0,0],"2":[0,0],"3":[0],"4":[0,0],"5":[0,0],"6":[0,0,0,0],"7":[0,0],"8":[0,0],"9":[0,0],"10":[0,0],"11":[0,0],"12":[0,0],"13":[0,0],"14":[0,0],"15":[0,0],"16":[0,0],"17":[0,0],"18":[0,0],"19":[0,0],"20":[0,0],"21":[0,0],"22":[0,0],"23":[0,0],"24":[0,0],"25":[0,0],"26":[0,0],"27":[0,0],"28":[0,0],"29":[0,0],"30":[0,0],"31":[0,0],"32":[0,0],"33":[0,0],"34":[0,0],"35":[0,0],"36":[0,0],"37":[0,0],"38":[0,0,0,0],"39":[0,0],"40":[0,0,0],"41":[0,0],"42":[0,0],"43":[0,0],"44":[0,0],"45":[0,0],"46":[0,0],"47":[0,0],"48":[0,0],"49":[0,0],"50":[0,0],"51":[0,0],"52":[0,0],"53":[0,0],"54":[0,0],"55":[0,0],"56":[0,0],"57":[0,0]},"_coverageSchema":"1a1c01bbd47fc00a2c39e90264f33305004495a9","hash":"491c0cecb7a573275a8e101080439a1063d00a8f"}
}
