TN:
SF:middleware\authMiddleware.js
FN:5,(anonymous_0)
FN:58,(anonymous_1)
FNF:2
FNH:2
FNDA:8,(anonymous_0)
FNDA:3,(anonymous_1)
DA:1,1
DA:2,1
DA:5,1
DA:6,8
DA:7,8
DA:8,8
DA:9,2
DA:10,2
DA:11,2
DA:14,6
DA:15,6
DA:17,6
DA:18,1
DA:19,1
DA:20,1
DA:23,5
DA:24,4
DA:25,4
DA:27,4
DA:29,4
DA:31,3
DA:32,1
DA:33,1
DA:36,2
DA:37,1
DA:38,1
DA:43,1
DA:44,1
DA:46,1
DA:47,1
DA:48,1
DA:51,1
DA:52,1
DA:53,1
DA:58,1
DA:59,3
DA:60,2
DA:62,1
DA:66,1
LF:39
LH:39
BRDA:8,0,0,2
BRDA:8,0,1,6
BRDA:8,1,0,8
BRDA:8,1,1,7
BRDA:15,2,0,6
BRDA:15,2,1,1
BRDA:17,3,0,1
BRDA:17,3,1,5
BRDA:24,4,0,4
BRDA:24,4,1,0
BRDA:24,4,2,0
BRDA:29,5,0,3
BRDA:29,5,1,1
BRDA:31,6,0,1
BRDA:31,6,1,2
BRDA:31,7,0,3
BRDA:31,7,1,2
BRDA:36,8,0,1
BRDA:36,8,1,1
BRDA:39,9,0,1
BRDA:39,9,1,0
BRDA:59,10,0,2
BRDA:59,10,1,1
BRDA:59,11,0,3
BRDA:59,11,1,3
BRDA:59,11,2,2
BRF:26
BRH:23
end_of_record
TN:
SF:middleware\errorMiddleware.js
FN:3,(anonymous_0)
FNF:1
FNH:1
FNDA:5,(anonymous_0)
DA:1,1
DA:3,1
DA:4,5
DA:5,5
DA:8,5
DA:9,1
DA:10,1
DA:11,1
DA:12,4
DA:17,1
DA:20,5
DA:31,5
DA:32,5
DA:38,1
DA:41,5
DA:44,1
LF:16
LH:16
BRDA:4,0,0,5
BRDA:4,0,1,0
BRDA:8,1,0,1
BRDA:8,1,1,4
BRDA:8,2,0,5
BRDA:8,2,1,1
BRDA:10,3,0,1
BRDA:10,3,1,0
BRDA:11,4,0,1
BRDA:11,4,1,0
BRDA:12,5,0,1
BRDA:12,5,1,3
BRDA:13,6,0,4
BRDA:13,6,1,4
BRDA:13,6,2,3
BRDA:24,7,0,0
BRDA:24,7,1,5
BRDA:34,8,0,1
BRDA:34,8,1,4
BRF:19
BRH:15
end_of_record
TN:
SF:middleware\ipControl.js
FN:10,(anonymous_0)
FN:34,(anonymous_1)
FNF:2
FNH:0
FNDA:0,(anonymous_0)
FNDA:0,(anonymous_1)
DA:1,1
DA:2,1
DA:3,1
DA:4,1
DA:10,1
DA:11,0
DA:12,0
DA:13,0
DA:15,0
DA:16,0
DA:17,0
DA:23,0
DA:25,0
DA:26,0
DA:34,1
DA:35,0
DA:36,0
DA:37,0
DA:38,0
DA:41,0
DA:42,0
DA:43,0
DA:45,0
DA:46,0
DA:47,0
DA:49,0
DA:50,0
DA:53,0
DA:54,0
DA:56,0
DA:57,0
DA:58,0
DA:64,0
DA:66,0
DA:67,0
DA:71,1
LF:36
LH:7
BRDA:12,0,0,0
BRDA:12,0,1,0
BRDA:15,1,0,0
BRDA:15,1,1,0
BRDA:37,2,0,0
BRDA:37,2,1,0
BRDA:37,3,0,0
BRDA:37,3,1,0
BRDA:42,4,0,0
BRDA:42,4,1,0
BRDA:43,5,0,0
BRDA:43,5,1,0
BRDA:46,6,0,0
BRDA:46,6,1,0
BRDA:46,6,2,0
BRDA:49,7,0,0
BRDA:49,7,1,0
BRDA:49,8,0,0
BRDA:49,8,1,0
BRDA:49,8,2,0
BRDA:53,9,0,0
BRDA:53,9,1,0
BRDA:56,10,0,0
BRDA:56,10,1,0
BRF:24
BRH:0
end_of_record
TN:
SF:middleware\superAdminMiddleware.js
FN:7,(anonymous_0)
FN:61,(anonymous_1)
FNF:2
FNH:1
FNDA:0,(anonymous_0)
FNDA:2,(anonymous_1)
DA:1,1
DA:2,1
DA:3,1
DA:4,1
DA:7,1
DA:8,0
DA:10,0
DA:11,0
DA:12,0
DA:13,0
DA:16,0
DA:17,0
DA:19,0
DA:21,0
DA:22,0
DA:23,0
DA:26,0
DA:27,0
DA:28,0
DA:30,0
DA:31,0
DA:32,0
DA:34,0
DA:37,0
DA:40,0
DA:41,0
DA:42,0
DA:52,0
DA:53,0
DA:55,0
DA:56,0
DA:61,1
DA:62,2
DA:64,2
DA:65,0
DA:66,2
DA:67,0
DA:70,0
DA:71,0
DA:73,0
DA:75,0
DA:76,0
DA:77,0
DA:80,0
DA:81,0
DA:82,0
DA:84,0
DA:85,0
DA:87,0
DA:88,0
DA:89,0
DA:90,0
DA:98,0
DA:99,0
DA:100,0
DA:102,0
DA:105,0
DA:108,0
DA:109,0
DA:111,2
DA:112,2
DA:116,1
LF:62
LH:12
BRDA:10,0,0,0
BRDA:10,0,1,0
BRDA:10,1,0,0
BRDA:10,1,1,0
BRDA:12,2,0,0
BRDA:12,2,1,0
BRDA:16,3,0,0
BRDA:16,3,1,0
BRDA:19,4,0,0
BRDA:19,4,1,0
BRDA:21,5,0,0
BRDA:21,5,1,0
BRDA:27,6,0,0
BRDA:27,6,1,0
BRDA:27,6,2,0
BRDA:31,7,0,0
BRDA:31,7,1,0
BRDA:37,8,0,0
BRDA:37,8,1,0
BRDA:40,9,0,0
BRDA:40,9,1,0
BRDA:40,10,0,0
BRDA:40,10,1,0
BRDA:40,10,2,0
BRDA:40,10,3,0
BRDA:41,11,0,0
BRDA:41,11,1,0
BRDA:64,12,0,0
BRDA:64,12,1,2
BRDA:64,13,0,2
BRDA:64,13,1,0
BRDA:66,14,0,0
BRDA:66,14,1,0
BRDA:70,15,0,0
BRDA:70,15,1,0
BRDA:73,16,0,0
BRDA:73,16,1,0
BRDA:75,17,0,0
BRDA:75,17,1,0
BRDA:81,18,0,0
BRDA:81,18,1,0
BRDA:81,18,2,0
BRDA:84,19,0,0
BRDA:84,19,1,0
BRDA:85,20,0,0
BRDA:85,20,1,0
BRDA:85,21,0,0
BRDA:85,21,1,0
BRDA:85,21,2,0
BRDA:87,22,0,0
BRDA:87,22,1,0
BRDA:87,23,0,0
BRDA:87,23,1,0
BRDA:87,23,2,0
BRDA:89,24,0,0
BRDA:89,24,1,0
BRDA:96,25,0,0
BRDA:96,25,1,0
BRDA:99,26,0,0
BRDA:99,26,1,0
BRF:60
BRH:2
end_of_record
TN:
SF:models\AdminAuditLog.js
FNF:0
FNH:0
DA:1,1
DA:2,1
DA:4,1
DA:41,1
DA:42,1
DA:44,1
LF:6
LH:6
BRF:0
BRH:0
end_of_record
TN:
SF:models\BannedIP.js
FNF:0
FNH:0
DA:1,1
DA:2,1
DA:4,1
DA:26,1
DA:28,1
LF:5
LH:5
BRF:0
BRH:0
end_of_record
TN:
SF:models\ErrorLog.js
FNF:0
FNH:0
DA:1,1
DA:3,1
DA:13,1
LF:3
LH:3
BRF:0
BRH:0
end_of_record
TN:
SF:models\Risk.js
FNF:0
FNH:0
DA:1,1
DA:3,1
DA:59,1
DA:60,1
LF:4
LH:4
BRF:0
BRH:0
end_of_record
TN:
SF:models\Ticket.js
FN:81,(anonymous_0)
FN:113,(anonymous_1)
FN:121,(anonymous_2)
FN:148,(anonymous_3)
FN:152,(anonymous_4)
FN:153,(anonymous_5)
FNF:6
FNH:0
FNDA:0,(anonymous_0)
FNDA:0,(anonymous_1)
FNDA:0,(anonymous_2)
FNDA:0,(anonymous_3)
FNDA:0,(anonymous_4)
FNDA:0,(anonymous_5)
DA:1,1
DA:3,1
DA:75,1
DA:76,1
DA:77,1
DA:78,1
DA:81,1
DA:82,0
DA:83,0
DA:84,0
DA:85,0
DA:87,0
DA:112,0
DA:113,0
DA:114,0
DA:117,0
DA:121,1
DA:122,0
DA:123,0
DA:124,0
DA:126,0
DA:132,0
DA:138,0
DA:141,0
DA:148,1
DA:149,0
DA:152,1
DA:153,0
DA:156,1
DA:157,1
LF:30
LH:12
BRDA:124,0,0,0
BRDA:124,0,1,0
BRF:2
BRH:0
end_of_record
TN:
SF:models\User.js
FN:87,(anonymous_0)
FN:91,(anonymous_1)
FN:114,(anonymous_2)
FN:115,(anonymous_3)
FN:126,(anonymous_4)
FN:128,(anonymous_5)
FN:136,(anonymous_6)
FN:151,(anonymous_7)
FN:166,(anonymous_8)
FN:181,(anonymous_9)
FNF:10
FNH:0
FNDA:0,(anonymous_0)
FNDA:0,(anonymous_1)
FNDA:0,(anonymous_2)
FNDA:0,(anonymous_3)
FNDA:0,(anonymous_4)
FNDA:0,(anonymous_5)
FNDA:0,(anonymous_6)
FNDA:0,(anonymous_7)
FNDA:0,(anonymous_8)
FNDA:0,(anonymous_9)
DA:1,1
DA:2,1
DA:8,1
DA:10,1
DA:88,0
DA:89,0
DA:91,0
DA:114,0
DA:115,0
DA:126,1
DA:128,1
DA:129,0
DA:130,0
DA:132,0
DA:133,0
DA:136,1
DA:137,0
DA:138,0
DA:140,0
DA:141,0
DA:142,0
DA:143,0
DA:144,0
DA:146,0
DA:151,1
DA:152,0
DA:153,0
DA:155,0
DA:156,0
DA:157,0
DA:158,0
DA:159,0
DA:161,0
DA:166,1
DA:167,0
DA:168,0
DA:170,0
DA:171,0
DA:172,0
DA:173,0
DA:174,0
DA:176,0
DA:181,1
DA:182,0
DA:186,1
DA:188,1
DA:189,1
LF:47
LH:13
BRDA:129,0,0,0
BRDA:129,0,1,0
BRDA:129,1,0,0
BRDA:129,1,1,0
BRDA:138,2,0,0
BRDA:138,2,1,0
BRDA:138,3,0,0
BRDA:138,3,1,0
BRDA:140,4,0,0
BRDA:140,4,1,0
BRDA:140,5,0,0
BRDA:140,5,1,0
BRDA:143,6,0,0
BRDA:143,6,1,0
BRDA:153,7,0,0
BRDA:153,7,1,0
BRDA:153,8,0,0
BRDA:153,8,1,0
BRDA:155,9,0,0
BRDA:155,9,1,0
BRDA:155,10,0,0
BRDA:155,10,1,0
BRDA:158,11,0,0
BRDA:158,11,1,0
BRDA:168,12,0,0
BRDA:168,12,1,0
BRDA:168,13,0,0
BRDA:168,13,1,0
BRDA:170,14,0,0
BRDA:170,14,1,0
BRDA:170,15,0,0
BRDA:170,15,1,0
BRDA:173,16,0,0
BRDA:173,16,1,0
BRF:34
BRH:0
end_of_record
TN:
SF:models\WhitelistedIP.js
FNF:0
FNH:0
DA:1,1
DA:2,1
DA:4,1
DA:38,1
DA:40,1
LF:5
LH:5
BRF:0
BRH:0
end_of_record
TN:
SF:utils\encryption.js
FN:6,(anonymous_0)
FN:13,(anonymous_1)
FN:28,(anonymous_2)
FN:65,(anonymous_3)
FN:76,(anonymous_4)
FNF:5
FNH:1
FNDA:3,(anonymous_0)
FNDA:0,(anonymous_1)
FNDA:0,(anonymous_2)
FNDA:0,(anonymous_3)
FNDA:0,(anonymous_4)
DA:1,3
DA:3,3
DA:6,3
DA:7,3
DA:8,0
DA:10,3
DA:13,3
DA:14,0
DA:17,0
DA:19,0
DA:20,0
DA:21,0
DA:22,0
DA:25,0
DA:28,3
DA:29,0
DA:31,0
DA:32,0
DA:36,0
DA:37,0
DA:38,0
DA:39,0
DA:40,0
DA:41,0
DA:42,0
DA:46,0
DA:47,0
DA:48,0
DA:49,0
DA:51,0
DA:52,0
DA:53,0
DA:54,0
DA:55,0
DA:58,0
DA:60,0
DA:65,3
DA:66,0
DA:67,0
DA:68,0
DA:69,0
DA:70,0
DA:71,0
DA:73,0
DA:76,3
DA:77,0
DA:80,3
LF:47
LH:10
BRDA:3,0,0,3
BRDA:3,0,1,3
BRDA:7,1,0,3
BRDA:7,1,1,0
BRDA:14,2,0,0
BRDA:14,2,1,0
BRDA:29,3,0,0
BRDA:29,3,1,0
BRDA:29,4,0,0
BRDA:29,4,1,0
BRDA:36,5,0,0
BRDA:36,5,1,0
BRDA:46,6,0,0
BRDA:46,6,1,0
BRDA:66,7,0,0
BRDA:66,7,1,0
BRF:16
BRH:3
end_of_record
TN:
SF:utils\grcService.js
FN:8,(anonymous_0)
FN:18,(anonymous_1)
FN:22,(anonymous_2)
FN:31,(anonymous_3)
FN:51,(anonymous_4)
FN:143,(anonymous_5)
FN:159,(anonymous_6)
FN:171,(anonymous_7)
FN:177,(anonymous_8)
FN:179,(anonymous_9)
FN:181,(anonymous_10)
FN:204,(anonymous_11)
FN:209,(anonymous_12)
FN:266,(anonymous_13)
FN:270,(anonymous_14)
FN:281,(anonymous_15)
FN:285,(anonymous_16)
FN:289,(anonymous_17)
FN:320,(anonymous_18)
FN:329,(anonymous_19)
FNF:20
FNH:0
FNDA:0,(anonymous_0)
FNDA:0,(anonymous_1)
FNDA:0,(anonymous_2)
FNDA:0,(anonymous_3)
FNDA:0,(anonymous_4)
FNDA:0,(anonymous_5)
FNDA:0,(anonymous_6)
FNDA:0,(anonymous_7)
FNDA:0,(anonymous_8)
FNDA:0,(anonymous_9)
FNDA:0,(anonymous_10)
FNDA:0,(anonymous_11)
FNDA:0,(anonymous_12)
FNDA:0,(anonymous_13)
FNDA:0,(anonymous_14)
FNDA:0,(anonymous_15)
FNDA:0,(anonymous_16)
FNDA:0,(anonymous_17)
FNDA:0,(anonymous_18)
FNDA:0,(anonymous_19)
DA:1,1
DA:2,1
DA:4,1
DA:5,1
DA:6,1
DA:8,1
DA:9,0
DA:12,1
DA:13,1
DA:14,1
DA:15,1
DA:16,1
DA:18,1
DA:19,0
DA:21,0
DA:22,0
DA:23,0
DA:24,0
DA:31,1
DA:32,0
DA:33,0
DA:36,0
DA:46,0
DA:51,0
DA:86,0
DA:87,0
DA:88,0
DA:89,0
DA:91,0
DA:92,0
DA:93,0
DA:94,0
DA:96,0
DA:97,0
DA:98,0
DA:100,0
DA:101,0
DA:102,0
DA:103,0
DA:104,0
DA:105,0
DA:108,0
DA:109,0
DA:112,0
DA:115,0
DA:116,0
DA:117,0
DA:118,0
DA:120,0
DA:122,0
DA:123,0
DA:138,0
DA:139,0
DA:142,0
DA:143,0
DA:144,0
DA:148,0
DA:150,0
DA:151,0
DA:159,1
DA:160,0
DA:161,0
DA:164,0
DA:167,0
DA:168,0
DA:170,0
DA:171,0
DA:172,0
DA:177,0
DA:178,0
DA:179,0
DA:181,0
DA:182,0
DA:183,0
DA:184,0
DA:193,0
DA:197,0
DA:198,0
DA:199,0
DA:200,0
DA:201,0
DA:202,0
DA:203,0
DA:204,0
DA:209,0
DA:213,0
DA:215,0
DA:216,0
DA:221,0
DA:229,0
DA:230,0
DA:232,0
DA:233,0
DA:234,0
DA:235,0
DA:236,0
DA:237,0
DA:238,0
DA:240,0
DA:241,0
DA:242,0
DA:243,0
DA:244,0
DA:245,0
DA:246,0
DA:247,0
DA:251,0
DA:258,0
DA:259,0
DA:266,1
DA:267,0
DA:268,0
DA:270,0
DA:271,0
DA:272,0
DA:274,0
DA:276,0
DA:278,0
DA:279,0
DA:281,0
DA:282,0
DA:285,0
DA:286,0
DA:289,0
DA:290,0
DA:291,0
DA:292,0
DA:293,0
DA:296,0
DA:297,0
DA:300,0
DA:302,0
DA:303,0
DA:304,0
DA:306,0
DA:308,0
DA:310,0
DA:311,0
DA:320,1
DA:324,0
DA:326,0
DA:329,0
DA:330,0
DA:334,1
LF:144
LH:17
BRDA:19,0,0,0
BRDA:19,0,1,0
BRDA:19,1,0,0
BRDA:19,1,1,0
BRDA:24,2,0,0
BRDA:24,2,1,0
BRDA:31,3,0,0
BRDA:87,4,0,0
BRDA:87,4,1,0
BRDA:89,5,0,0
BRDA:89,5,1,0
BRDA:89,6,0,0
BRDA:89,6,1,0
BRDA:89,6,2,0
BRDA:89,6,3,0
BRDA:92,7,0,0
BRDA:92,7,1,0
BRDA:100,8,0,0
BRDA:100,8,1,0
BRDA:102,9,0,0
BRDA:102,9,1,0
BRDA:103,10,0,0
BRDA:103,10,1,0
BRDA:103,11,0,0
BRDA:103,11,1,0
BRDA:116,12,0,0
BRDA:116,12,1,0
BRDA:117,13,0,0
BRDA:117,13,1,0
BRDA:118,14,0,0
BRDA:118,14,1,0
BRDA:122,15,0,0
BRDA:122,15,1,0
BRDA:138,16,0,0
BRDA:138,16,1,0
BRDA:143,17,0,0
BRDA:143,17,1,0
BRDA:143,18,0,0
BRDA:143,18,1,0
BRDA:161,19,0,0
BRDA:161,19,1,0
BRDA:164,20,0,0
BRDA:164,20,1,0
BRDA:168,21,0,0
BRDA:168,21,1,0
BRDA:171,22,0,0
BRDA:171,22,1,0
BRDA:183,23,0,0
BRDA:183,23,1,0
BRDA:200,24,0,0
BRDA:200,24,1,0
BRDA:201,25,0,0
BRDA:201,25,1,0
BRDA:202,26,0,0
BRDA:202,26,1,0
BRDA:203,27,0,0
BRDA:203,27,1,0
BRDA:208,28,0,0
BRDA:208,28,1,0
BRDA:209,29,0,0
BRDA:209,29,1,0
BRDA:230,30,0,0
BRDA:230,30,1,0
BRDA:232,31,0,0
BRDA:232,31,1,0
BRDA:234,32,0,0
BRDA:234,32,1,0
BRDA:235,33,0,0
BRDA:235,33,1,0
BRDA:235,34,0,0
BRDA:235,34,1,0
BRDA:236,35,0,0
BRDA:236,35,1,0
BRDA:236,36,0,0
BRDA:236,36,1,0
BRDA:237,37,0,0
BRDA:237,37,1,0
BRDA:237,38,0,0
BRDA:237,38,1,0
BRDA:237,38,2,0
BRDA:237,38,3,0
BRDA:238,39,0,0
BRDA:238,39,1,0
BRDA:238,40,0,0
BRDA:238,40,1,0
BRDA:238,40,2,0
BRDA:240,41,0,0
BRDA:240,41,1,0
BRDA:242,42,0,0
BRDA:242,42,1,0
BRDA:242,43,0,0
BRDA:242,43,1,0
BRDA:244,44,0,0
BRDA:244,44,1,0
BRDA:245,45,0,0
BRDA:245,45,1,0
BRDA:245,46,0,0
BRDA:245,46,1,0
BRDA:246,47,0,0
BRDA:246,47,1,0
BRDA:246,48,0,0
BRDA:246,48,1,0
BRDA:247,49,0,0
BRDA:247,49,1,0
BRDA:247,50,0,0
BRDA:247,50,1,0
BRDA:267,51,0,0
BRDA:267,51,1,0
BRDA:271,52,0,0
BRDA:271,52,1,0
BRDA:291,53,0,0
BRDA:291,53,1,0
BRDA:292,54,0,0
BRDA:292,54,1,0
BRDA:302,55,0,0
BRDA:302,55,1,0
BRDA:324,56,0,0
BRDA:324,56,1,0
BRDA:326,57,0,0
BRDA:326,57,1,0
BRF:120
BRH:0
end_of_record
